<INFO> 17-Jul-2020::07:42:51.343 security-controller confd[5463]: netconf id=28 new ssh session for user "admin" from 10.0.0.6
<INFO> 17-Jul-2020::07:42:51.398 security-controller confd[5463]: netconf id=28 got rpc: {urn:ietf:params:xml:ns:netconf:base:1.0}edit-config attrs: message-id="1"
<INFO> 17-Jul-2020::07:42:51.434 security-controller confd[5463]: netconf id=28 edit-config target=running attrs: message-id="1"
<INFO> 17-Jul-2020::07:42:51.521 security-controller confd[5463]: netconf id=28 sending rpc-reply, attrs: message-id="1"
<INFO> 17-Jul-2020::07:42:51.529 security-controller confd[5463]: netconf id=28 close-session attrs: message-id="2"
<INFO> 17-Jul-2020::07:42:51.546 security-controller confd[5463]: netconf id=28 sending rpc-reply, attrs: message-id="2"
<INFO> 17-Jul-2020::07:42:52.202 security-controller confd[5463]: netconf id=29 new ssh session for user "admin" from 10.0.0.6
<INFO> 17-Jul-2020::07:42:52.213 security-controller confd[5463]: netconf id=29 got rpc: {urn:ietf:params:xml:ns:netconf:base:1.0}edit-config attrs: message-id="1"
<INFO> 17-Jul-2020::07:42:52.218 security-controller confd[5463]: netconf id=29 edit-config target=running attrs: message-id="1"
<INFO> 17-Jul-2020::07:42:52.326 security-controller confd[5463]: netconf id=29 sending rpc-reply, attrs: message-id="1"
<INFO> 17-Jul-2020::07:42:52.331 security-controller confd[5463]: netconf id=29 close-session attrs: message-id="2"
<INFO> 17-Jul-2020::07:42:52.347 security-controller confd[5463]: netconf id=29 sending rpc-reply, attrs: message-id="2"
<INFO> 17-Jul-2020::07:42:52.975 security-controller confd[5463]: netconf id=30 new ssh session for user "admin" from 10.0.0.6
<INFO> 17-Jul-2020::07:42:52.986 security-controller confd[5463]: netconf id=30 got rpc: {urn:ietf:params:xml:ns:netconf:base:1.0}edit-config attrs: message-id="1"
<INFO> 17-Jul-2020::07:42:52.990 security-controller confd[5463]: netconf id=30 edit-config target=running attrs: message-id="1"
<INFO> 17-Jul-2020::07:42:53.076 security-controller confd[5463]: netconf id=30 sending rpc-reply, attrs: message-id="1"
<INFO> 17-Jul-2020::07:42:53.080 security-controller confd[5463]: netconf id=30 close-session attrs: message-id="2"
<INFO> 17-Jul-2020::07:42:53.080 security-controller confd[5463]: netconf id=30 sending rpc-reply, attrs: message-id="2"
<INFO> 17-Jul-2020::07:42:53.812 security-controller confd[5463]: netconf id=31 new ssh session for user "admin" from 10.0.0.6
<INFO> 17-Jul-2020::07:42:53.822 security-controller confd[5463]: netconf id=31 got rpc: {urn:ietf:params:xml:ns:netconf:base:1.0}edit-config attrs: message-id="1"
<INFO> 17-Jul-2020::07:42:53.827 security-controller confd[5463]: netconf id=31 edit-config target=running attrs: message-id="1"
<INFO> 17-Jul-2020::07:42:53.894 security-controller confd[5463]: netconf id=31 sending rpc-reply, attrs: message-id="1"
<INFO> 17-Jul-2020::07:42:53.898 security-controller confd[5463]: netconf id=31 close-session attrs: message-id="2"
<INFO> 17-Jul-2020::07:42:53.898 security-controller confd[5463]: netconf id=31 sending rpc-reply, attrs: message-id="2"
<INFO> 17-Jul-2020::07:42:54.618 security-controller confd[5463]: netconf id=32 new ssh session for user "admin" from 10.0.0.6
<INFO> 17-Jul-2020::07:42:54.629 security-controller confd[5463]: netconf id=32 got rpc: {urn:ietf:params:xml:ns:netconf:base:1.0}edit-config attrs: message-id="1"
<INFO> 17-Jul-2020::07:42:54.633 security-controller confd[5463]: netconf id=32 edit-config target=running attrs: message-id="1"
<INFO> 17-Jul-2020::07:42:54.746 security-controller confd[5463]: netconf id=32 sending rpc-reply, attrs: message-id="1"
<INFO> 17-Jul-2020::07:42:54.747 security-controller confd[5463]: netconf id=32 close-session attrs: message-id="2"
<INFO> 17-Jul-2020::07:42:54.747 security-controller confd[5463]: netconf id=32 sending rpc-reply, attrs: message-id="2"
<INFO> 18-Jul-2020::06:40:46.352 security-controller confd[5463]: netconf id=33 new ssh session for user "admin" from 10.0.0.15
<INFO> 18-Jul-2020::06:40:46.366 security-controller confd[5463]: netconf id=33 got rpc: {urn:ietf:params:xml:ns:netconf:base:1.0}edit-config attrs: message-id="1"
<INFO> 18-Jul-2020::06:40:46.374 security-controller confd[5463]: netconf id=33 edit-config target=running attrs: message-id="1"
<INFO> 18-Jul-2020::06:40:46.383 security-controller confd[5463]: netconf id=33 sending rpc-reply, attrs: message-id="1"
<INFO> 18-Jul-2020::06:40:46.384 security-controller confd[5463]: netconf id=33 close-session attrs: message-id="2"
<INFO> 18-Jul-2020::06:40:46.385 security-controller confd[5463]: netconf id=33 sending rpc-reply, attrs: message-id="2"
<INFO> 18-Jul-2020::06:40:46.873 security-controller confd[5463]: netconf id=34 new ssh session for user "admin" from 10.0.0.15
<INFO> 18-Jul-2020::06:40:46.884 security-controller confd[5463]: netconf id=34 got rpc: {urn:ietf:params:xml:ns:netconf:base:1.0}edit-config attrs: message-id="1"
<INFO> 18-Jul-2020::06:40:46.889 security-controller confd[5463]: netconf id=34 edit-config target=running attrs: message-id="1"
<INFO> 18-Jul-2020::06:40:46.902 security-controller confd[5463]: netconf id=34 sending rpc-reply, attrs: message-id="1"
<INFO> 18-Jul-2020::06:40:46.903 security-controller confd[5463]: netconf id=34 close-session attrs: message-id="2"
<INFO> 18-Jul-2020::06:40:46.903 security-controller confd[5463]: netconf id=34 sending rpc-reply, attrs: message-id="2"
<INFO> 18-Jul-2020::06:40:47.408 security-controller confd[5463]: netconf id=35 new ssh session for user "admin" from 10.0.0.15
<INFO> 18-Jul-2020::06:40:47.419 security-controller confd[5463]: netconf id=35 got rpc: {urn:ietf:params:xml:ns:netconf:base:1.0}edit-config attrs: message-id="1"
<INFO> 18-Jul-2020::06:40:47.423 security-controller confd[5463]: netconf id=35 edit-config target=running attrs: message-id="1"
<INFO> 18-Jul-2020::06:40:47.434 security-controller confd[5463]: netconf id=35 sending rpc-reply, attrs: message-id="1"
<INFO> 18-Jul-2020::06:40:47.435 security-controller confd[5463]: netconf id=35 close-session attrs: message-id="2"
<INFO> 18-Jul-2020::06:40:47.435 security-controller confd[5463]: netconf id=35 sending rpc-reply, attrs: message-id="2"
<INFO> 18-Jul-2020::06:40:47.931 security-controller confd[5463]: netconf id=36 new ssh session for user "admin" from 10.0.0.15
<INFO> 18-Jul-2020::06:40:47.943 security-controller confd[5463]: netconf id=36 got rpc: {urn:ietf:params:xml:ns:netconf:base:1.0}edit-config attrs: message-id="1"
<INFO> 18-Jul-2020::06:40:47.948 security-controller confd[5463]: netconf id=36 edit-config target=running attrs: message-id="1"
<INFO> 18-Jul-2020::06:40:47.959 security-controller confd[5463]: netconf id=36 sending rpc-reply, attrs: message-id="1"
<INFO> 18-Jul-2020::06:40:47.960 security-controller confd[5463]: netconf id=36 close-session attrs: message-id="2"
<INFO> 18-Jul-2020::06:40:47.960 security-controller confd[5463]: netconf id=36 sending rpc-reply, attrs: message-id="2"
<INFO> 18-Jul-2020::06:40:48.399 security-controller confd[5463]: netconf id=37 new ssh session for user "admin" from 10.0.0.15
<INFO> 18-Jul-2020::06:40:48.410 security-controller confd[5463]: netconf id=37 got rpc: {urn:ietf:params:xml:ns:netconf:base:1.0}edit-config attrs: message-id="1"
<INFO> 18-Jul-2020::06:40:48.414 security-controller confd[5463]: netconf id=37 edit-config target=running attrs: message-id="1"
<INFO> 18-Jul-2020::06:40:48.440 security-controller confd[5463]: netconf id=37 sending rpc-reply, attrs: message-id="1"
<INFO> 18-Jul-2020::06:40:48.441 security-controller confd[5463]: netconf id=37 close-session attrs: message-id="2"
<INFO> 18-Jul-2020::06:40:48.442 security-controller confd[5463]: netconf id=37 sending rpc-reply, attrs: message-id="2"
<INFO> 18-Jul-2020::06:41:38.648 security-controller confd[5463]: netconf id=38 new ssh session for user "admin" from 10.0.0.15
<INFO> 18-Jul-2020::06:41:38.659 security-controller confd[5463]: netconf id=38 got rpc: {urn:ietf:params:xml:ns:netconf:base:1.0}edit-config attrs: message-id="1"
<INFO> 18-Jul-2020::06:41:38.663 security-controller confd[5463]: netconf id=38 edit-config target=running attrs: message-id="1"
<INFO> 18-Jul-2020::06:41:38.674 security-controller confd[5463]: netconf id=38 sending rpc-reply, attrs: message-id="1"
<INFO> 18-Jul-2020::06:41:38.674 security-controller confd[5463]: netconf id=38 close-session attrs: message-id="2"
<INFO> 18-Jul-2020::06:41:38.674 security-controller confd[5463]: netconf id=38 sending rpc-reply, attrs: message-id="2"
<INFO> 18-Jul-2020::06:41:39.254 security-controller confd[5463]: netconf id=39 new ssh session for user "admin" from 10.0.0.15
<INFO> 18-Jul-2020::06:41:39.263 security-controller confd[5463]: netconf id=39 got rpc: {urn:ietf:params:xml:ns:netconf:base:1.0}edit-config attrs: message-id="1"
<INFO> 18-Jul-2020::06:41:39.267 security-controller confd[5463]: netconf id=39 edit-config target=running attrs: message-id="1"
<INFO> 18-Jul-2020::06:41:39.293 security-controller confd[5463]: netconf id=39 sending rpc-reply, attrs: message-id="1"
<INFO> 18-Jul-2020::06:41:39.293 security-controller confd[5463]: netconf id=39 close-session attrs: message-id="2"
<INFO> 18-Jul-2020::06:41:39.294 security-controller confd[5463]: netconf id=39 sending rpc-reply, attrs: message-id="2"
<INFO> 18-Jul-2020::06:41:39.915 security-controller confd[5463]: netconf id=40 new ssh session for user "admin" from 10.0.0.15
<INFO> 18-Jul-2020::06:41:39.922 security-controller confd[5463]: netconf id=40 got rpc: {urn:ietf:params:xml:ns:netconf:base:1.0}edit-config attrs: message-id="1"
<INFO> 18-Jul-2020::06:41:39.927 security-controller confd[5463]: netconf id=40 edit-config target=running attrs: message-id="1"
<INFO> 18-Jul-2020::06:41:40.040 security-controller confd[5463]: netconf id=40 sending rpc-reply, attrs: message-id="1"
<INFO> 18-Jul-2020::06:41:40.041 security-controller confd[5463]: netconf id=40 close-session attrs: message-id="2"
<INFO> 18-Jul-2020::06:41:40.041 security-controller confd[5463]: netconf id=40 sending rpc-reply, attrs: message-id="2"
<INFO> 18-Jul-2020::06:41:40.663 security-controller confd[5463]: netconf id=41 new ssh session for user "admin" from 10.0.0.15
<INFO> 18-Jul-2020::06:41:40.673 security-controller confd[5463]: netconf id=41 got rpc: {urn:ietf:params:xml:ns:netconf:base:1.0}edit-config attrs: message-id="1"
<INFO> 18-Jul-2020::06:41:40.677 security-controller confd[5463]: netconf id=41 edit-config target=running attrs: message-id="1"
<INFO> 18-Jul-2020::06:41:40.711 security-controller confd[5463]: netconf id=41 sending rpc-reply, attrs: message-id="1"
<INFO> 18-Jul-2020::06:41:40.712 security-controller confd[5463]: netconf id=41 close-session attrs: message-id="2"
<INFO> 18-Jul-2020::06:41:40.712 security-controller confd[5463]: netconf id=41 sending rpc-reply, attrs: message-id="2"
<INFO> 18-Jul-2020::06:41:41.317 security-controller confd[5463]: netconf id=42 new ssh session for user "admin" from 10.0.0.15
<INFO> 18-Jul-2020::06:41:41.325 security-controller confd[5463]: netconf id=42 got rpc: {urn:ietf:params:xml:ns:netconf:base:1.0}edit-config attrs: message-id="1"
<INFO> 18-Jul-2020::06:41:41.329 security-controller confd[5463]: netconf id=42 edit-config target=running attrs: message-id="1"
<INFO> 18-Jul-2020::06:41:41.339 security-controller confd[5463]: netconf id=42 sending rpc-reply, attrs: message-id="1"
<INFO> 18-Jul-2020::06:41:41.340 security-controller confd[5463]: netconf id=42 close-session attrs: message-id="2"
<INFO> 18-Jul-2020::06:41:41.340 security-controller confd[5463]: netconf id=42 sending rpc-reply, attrs: message-id="2"
