<INFO> 5-Mar-2021::05:06:27.977 security-controller confd[24498]: netconf id=28 new ssh session for user "admin" from 10.0.0.3
<INFO> 5-Mar-2021::05:06:28.006 security-controller confd[24498]: netconf id=28 got rpc: {urn:ietf:params:xml:ns:netconf:base:1.0}edit-config attrs: message-id="1"
<INFO> 5-Mar-2021::05:06:28.016 security-controller confd[24498]: netconf id=28 edit-config target=running attrs: message-id="1"
<INFO> 5-Mar-2021::05:06:28.065 security-controller confd[24498]: netconf id=28 sending rpc-reply, attrs: message-id="1"
<INFO> 5-Mar-2021::05:06:28.066 security-controller confd[24498]: netconf id=28 close-session attrs: message-id="2"
<INFO> 5-Mar-2021::05:06:28.066 security-controller confd[24498]: netconf id=28 sending rpc-reply, attrs: message-id="2"
<INFO> 5-Mar-2021::05:06:28.457 security-controller confd[24498]: netconf id=29 new ssh session for user "admin" from 10.0.0.3
<INFO> 5-Mar-2021::05:06:28.466 security-controller confd[24498]: netconf id=29 got rpc: {urn:ietf:params:xml:ns:netconf:base:1.0}edit-config attrs: message-id="1"
<INFO> 5-Mar-2021::05:06:28.471 security-controller confd[24498]: netconf id=29 edit-config target=running attrs: message-id="1"
<INFO> 5-Mar-2021::05:06:28.544 security-controller confd[24498]: netconf id=29 sending rpc-reply, attrs: message-id="1"
<INFO> 5-Mar-2021::05:06:28.545 security-controller confd[24498]: netconf id=29 close-session attrs: message-id="2"
<INFO> 5-Mar-2021::05:06:28.546 security-controller confd[24498]: netconf id=29 sending rpc-reply, attrs: message-id="2"
<INFO> 5-Mar-2021::05:06:28.992 security-controller confd[24498]: netconf id=30 new ssh session for user "admin" from 10.0.0.3
<INFO> 5-Mar-2021::05:06:29.002 security-controller confd[24498]: netconf id=30 got rpc: {urn:ietf:params:xml:ns:netconf:base:1.0}edit-config attrs: message-id="1"
<INFO> 5-Mar-2021::05:06:29.006 security-controller confd[24498]: netconf id=30 edit-config target=running attrs: message-id="1"
<INFO> 5-Mar-2021::05:06:29.058 security-controller confd[24498]: netconf id=30 sending rpc-reply, attrs: message-id="1"
<INFO> 5-Mar-2021::05:06:29.059 security-controller confd[24498]: netconf id=30 close-session attrs: message-id="2"
<INFO> 5-Mar-2021::05:06:29.059 security-controller confd[24498]: netconf id=30 sending rpc-reply, attrs: message-id="2"
<INFO> 5-Mar-2021::05:06:29.463 security-controller confd[24498]: netconf id=31 new ssh session for user "admin" from 10.0.0.3
<INFO> 5-Mar-2021::05:06:29.472 security-controller confd[24498]: netconf id=31 got rpc: {urn:ietf:params:xml:ns:netconf:base:1.0}edit-config attrs: message-id="1"
<INFO> 5-Mar-2021::05:06:29.475 security-controller confd[24498]: netconf id=31 edit-config target=running attrs: message-id="1"
<INFO> 5-Mar-2021::05:06:29.528 security-controller confd[24498]: netconf id=31 sending rpc-reply, attrs: message-id="1"
<INFO> 5-Mar-2021::05:06:29.529 security-controller confd[24498]: netconf id=31 close-session attrs: message-id="2"
<INFO> 5-Mar-2021::05:06:29.529 security-controller confd[24498]: netconf id=31 sending rpc-reply, attrs: message-id="2"
<INFO> 5-Mar-2021::05:06:29.937 security-controller confd[24498]: netconf id=32 new ssh session for user "admin" from 10.0.0.3
<INFO> 5-Mar-2021::05:06:29.944 security-controller confd[24498]: netconf id=32 got rpc: {urn:ietf:params:xml:ns:netconf:base:1.0}edit-config attrs: message-id="1"
<INFO> 5-Mar-2021::05:06:29.947 security-controller confd[24498]: netconf id=32 edit-config target=running attrs: message-id="1"
<INFO> 5-Mar-2021::05:06:30.056 security-controller confd[24498]: netconf id=32 sending rpc-reply, attrs: message-id="1"
<INFO> 5-Mar-2021::05:06:30.056 security-controller confd[24498]: netconf id=32 close-session attrs: message-id="2"
<INFO> 5-Mar-2021::05:06:30.056 security-controller confd[24498]: netconf id=32 sending rpc-reply, attrs: message-id="2"
