<INFO> 15-Mar-2023::05:30:04.887 dms confd[<0.69.0>]: confd embedded apps in early_phase0:
	[]
<INFO> 15-Mar-2023::05:30:05.083 dms confd[<0.97.0>]: confd mmap_schema handle_info got msg: timeout
<INFO> 15-Mar-2023::05:30:05.098 dms confd[<0.9.0>]: confd embedded apps in phase0:
	[]
<INFO> 15-Mar-2023::05:30:05.244 dms confd[<0.134.0>]: devel-cdb Loaded oper data from ./confd-cdb/O.cdb (0 bytes data in 0.001s)
<INFO> 15-Mar-2023::05:30:05.273 dms confd[<0.135.0>]: devel-cdb Loaded configuration from ./confd-cdb/A.cdb (0 bytes data, 0 transactions in 0.000s)
<INFO> 15-Mar-2023::05:30:05.294 dms confd[<0.9.0>]: devel-cdb init files found in ./confd-cdb: aaa_init.xml
<INFO> 15-Mar-2023::05:30:05.334 dms confd[<0.69.0>]: confd Set running datastore status to valid
<INFO> 15-Mar-2023::05:30:05.367 dms confd[<0.135.0>]: devel-cdb Compacted CDB journal file: 1 ms (93 nodes in memory, disk size 4 bytes -> 1.39 KiB)
<INFO> 15-Mar-2023::05:30:05.371 dms confd[<0.68.0>]: confd encryptedStrings keys provided from config
<INFO> 15-Mar-2023::05:30:05.372 dms confd[<0.9.0>]: confd embedded apps in phase1:
	[]
<INFO> 15-Mar-2023::05:30:05.383 dms confd[<0.171.0>]: confd initializing kickers
<INFO> 15-Mar-2023::05:30:05.387 dms confd[<0.171.0>]: confd initializing kickers: ok (0.003 s)
<ERR> 15-Mar-2023::05:30:05.411 dms confd[<0.197.0>]: devel-aaa Module "tailf-webui" in access rule "any-group/tailf-webui-user" does not exist - ignoring rule
<INFO> 15-Mar-2023::05:30:05.415 dms confd[<0.230.0>]: confd delete "./confd-cdb/rollback0.confirm" resulted in enoent

<INFO> 15-Mar-2023::05:30:05.416 dms confd[<0.230.0>]: confd delete "./confd-cdb/rollback0.confirm.bup" resulted in enoent

<INFO> 15-Mar-2023::05:30:05.423 dms confd[<0.9.0>]: confd embedded apps in phase1_delayed:
	[]
<INFO> 15-Mar-2023::05:30:05.427 dms confd[<0.9.0>]: confd embedded apps in phase2:
	[]
<INFO> 15-Mar-2023::05:30:05.534 dms confd[<0.9.0>]: confd Erlang emulator PID: 181024
<INFO> 15-Mar-2023::05:30:18.870 dms confd[<0.69.0>]: confd embedded apps in early_phase0:
	[]
<INFO> 15-Mar-2023::05:30:19.068 dms confd[<0.97.0>]: confd mmap_schema handle_info got msg: timeout
<INFO> 15-Mar-2023::05:30:19.082 dms confd[<0.9.0>]: confd embedded apps in phase0:
	[]
<INFO> 15-Mar-2023::05:30:19.162 dms confd[<0.135.0>]: devel-cdb Loaded schema file: ./confd-cdb/C.cdb (v5 from ConfD version 8.0.2)
<INFO> 15-Mar-2023::05:30:19.191 dms confd[<0.134.0>]: devel-cdb Loaded oper data from ./confd-cdb/O.cdb (4 bytes data in 0.001s)
<INFO> 15-Mar-2023::05:30:19.192 dms confd[<0.135.0>]: devel-cdb Loaded configuration from ./confd-cdb/A.cdb (1.39 KiB data, 1 transaction in 0.000s)
<INFO> 15-Mar-2023::05:30:19.200 dms confd[<0.135.0>]: devel-cdb Compacted CDB journal file: 3 ms (93 nodes in memory, disk size 1.39 KiB -> 1.39 KiB)
<INFO> 15-Mar-2023::05:30:19.265 dms confd[<0.68.0>]: confd encryptedStrings keys provided from config
<INFO> 15-Mar-2023::05:30:19.267 dms confd[<0.9.0>]: confd embedded apps in phase1:
	[]
<INFO> 15-Mar-2023::05:30:19.281 dms confd[<0.167.0>]: confd initializing kickers
<INFO> 15-Mar-2023::05:30:19.290 dms confd[<0.167.0>]: confd initializing kickers: ok (0.009 s)
<ERR> 15-Mar-2023::05:30:19.318 dms confd[<0.193.0>]: devel-aaa Module "tailf-webui" in access rule "any-group/tailf-webui-user" does not exist - ignoring rule
<INFO> 15-Mar-2023::05:30:19.324 dms confd[<0.226.0>]: confd delete "./confd-cdb/rollback0.confirm" resulted in enoent

<INFO> 15-Mar-2023::05:30:19.324 dms confd[<0.226.0>]: confd delete "./confd-cdb/rollback0.confirm.bup" resulted in enoent

<INFO> 15-Mar-2023::05:30:19.337 dms confd[<0.9.0>]: confd embedded apps in phase1_delayed:
	[]
<INFO> 15-Mar-2023::05:30:19.343 dms confd[<0.9.0>]: confd embedded apps in phase2:
	[]
<INFO> 15-Mar-2023::05:30:19.436 dms confd[<0.9.0>]: confd Erlang emulator PID: 181135
<INFO> 15-Mar-2023::05:30:20.675 dms confd[<0.69.0>]: confd Set running datastore status to valid
<ERR> 15-Mar-2023::05:30:20.694 dms confd[<0.281.0>]: devel-c action action() error {application, "Python cb_action error. type object 'ns' has no attribute 'i2nsfri_math'"} for callpoint registration path 
<INFO> 15-Mar-2023::05:30:30.007 dms confd[<0.122.0>]: devel-c Worker closed daemon id: 0, worker id: 5, socket: {socket,<0.267.0>}
<INFO> 15-Mar-2023::05:30:31.080 dms confd[<0.69.0>]: confd embedded apps in early_phase0:
	[]
<INFO> 15-Mar-2023::05:30:31.288 dms confd[<0.97.0>]: confd mmap_schema handle_info got msg: timeout
<INFO> 15-Mar-2023::05:30:31.304 dms confd[<0.9.0>]: confd embedded apps in phase0:
	[]
<INFO> 15-Mar-2023::05:30:31.383 dms confd[<0.135.0>]: devel-cdb Loaded schema file: ./confd-cdb/C.cdb (v5 from ConfD version 8.0.2)
<INFO> 15-Mar-2023::05:30:31.415 dms confd[<0.134.0>]: devel-cdb Loaded oper data from ./confd-cdb/O.cdb (4 bytes data in 0.001s)
<INFO> 15-Mar-2023::05:30:31.415 dms confd[<0.135.0>]: devel-cdb Loaded configuration from ./confd-cdb/A.cdb (1.39 KiB data, 1 transaction in 0.000s)
<INFO> 15-Mar-2023::05:30:31.425 dms confd[<0.135.0>]: devel-cdb Compacted CDB journal file: 4 ms (93 nodes in memory, disk size 1.39 KiB -> 1.39 KiB)
<INFO> 15-Mar-2023::05:30:31.481 dms confd[<0.68.0>]: confd encryptedStrings keys provided from config
<INFO> 15-Mar-2023::05:30:31.483 dms confd[<0.9.0>]: confd embedded apps in phase1:
	[]
<INFO> 15-Mar-2023::05:30:31.497 dms confd[<0.167.0>]: confd initializing kickers
<INFO> 15-Mar-2023::05:30:31.505 dms confd[<0.167.0>]: confd initializing kickers: ok (0.007 s)
<ERR> 15-Mar-2023::05:30:31.532 dms confd[<0.193.0>]: devel-aaa Module "tailf-webui" in access rule "any-group/tailf-webui-user" does not exist - ignoring rule
<INFO> 15-Mar-2023::05:30:31.538 dms confd[<0.226.0>]: confd delete "./confd-cdb/rollback0.confirm" resulted in enoent

<INFO> 15-Mar-2023::05:30:31.539 dms confd[<0.226.0>]: confd delete "./confd-cdb/rollback0.confirm.bup" resulted in enoent

<INFO> 15-Mar-2023::05:30:31.553 dms confd[<0.9.0>]: confd embedded apps in phase1_delayed:
	[]
<INFO> 15-Mar-2023::05:30:31.560 dms confd[<0.9.0>]: confd embedded apps in phase2:
	[]
<INFO> 15-Mar-2023::05:30:31.659 dms confd[<0.9.0>]: confd Erlang emulator PID: 181305
<INFO> 15-Mar-2023::05:30:32.378 dms confd[<0.69.0>]: confd Set running datastore status to valid
<ERR> 15-Mar-2023::05:30:32.398 dms confd[<0.281.0>]: devel-c action action() error {application, "Python cb_action error. name 'cap_ns' is not defined"} for callpoint registration path 
<INFO> 15-Mar-2023::05:31:13.641 dms confd[<0.122.0>]: devel-c Worker closed daemon id: 0, worker id: 5, socket: {socket,<0.267.0>}
<INFO> 15-Mar-2023::05:31:14.599 dms confd[<0.69.0>]: confd embedded apps in early_phase0:
	[]
<INFO> 15-Mar-2023::05:31:14.796 dms confd[<0.97.0>]: confd mmap_schema handle_info got msg: timeout
<INFO> 15-Mar-2023::05:31:14.806 dms confd[<0.9.0>]: confd embedded apps in phase0:
	[]
<INFO> 15-Mar-2023::05:31:14.872 dms confd[<0.135.0>]: devel-cdb Loaded schema file: ./confd-cdb/C.cdb (v5 from ConfD version 8.0.2)
<INFO> 15-Mar-2023::05:31:14.901 dms confd[<0.134.0>]: devel-cdb Loaded oper data from ./confd-cdb/O.cdb (4 bytes data in 0.001s)
<INFO> 15-Mar-2023::05:31:14.901 dms confd[<0.135.0>]: devel-cdb Loaded configuration from ./confd-cdb/A.cdb (1.39 KiB data, 1 transaction in 0.000s)
<INFO> 15-Mar-2023::05:31:14.910 dms confd[<0.135.0>]: devel-cdb Compacted CDB journal file: 3 ms (93 nodes in memory, disk size 1.39 KiB -> 1.39 KiB)
<INFO> 15-Mar-2023::05:31:14.962 dms confd[<0.68.0>]: confd encryptedStrings keys provided from config
<INFO> 15-Mar-2023::05:31:14.963 dms confd[<0.9.0>]: confd embedded apps in phase1:
	[]
<INFO> 15-Mar-2023::05:31:14.975 dms confd[<0.167.0>]: confd initializing kickers
<INFO> 15-Mar-2023::05:31:14.983 dms confd[<0.167.0>]: confd initializing kickers: ok (0.008 s)
<ERR> 15-Mar-2023::05:31:15.016 dms confd[<0.193.0>]: devel-aaa Module "tailf-webui" in access rule "any-group/tailf-webui-user" does not exist - ignoring rule
<INFO> 15-Mar-2023::05:31:15.021 dms confd[<0.226.0>]: confd delete "./confd-cdb/rollback0.confirm" resulted in enoent

<INFO> 15-Mar-2023::05:31:15.021 dms confd[<0.226.0>]: confd delete "./confd-cdb/rollback0.confirm.bup" resulted in enoent

<INFO> 15-Mar-2023::05:31:15.037 dms confd[<0.9.0>]: confd embedded apps in phase1_delayed:
	[]
<INFO> 15-Mar-2023::05:31:15.046 dms confd[<0.9.0>]: confd embedded apps in phase2:
	[]
<INFO> 15-Mar-2023::05:31:15.219 dms confd[<0.9.0>]: confd Erlang emulator PID: 181509
<INFO> 15-Mar-2023::05:31:16.227 dms confd[<0.69.0>]: confd Set running datastore status to valid
<INFO> 16-Mar-2023::02:50:04.470 dms confd[<0.122.0>]: devel-c Worker closed daemon id: 0, worker id: 5, socket: {socket,<0.267.0>}
<INFO> 16-Mar-2023::02:50:25.538 dms confd[<0.69.0>]: confd embedded apps in early_phase0:
	[]
<INFO> 16-Mar-2023::02:50:25.747 dms confd[<0.97.0>]: confd mmap_schema handle_info got msg: timeout
<INFO> 16-Mar-2023::02:50:25.757 dms confd[<0.9.0>]: confd embedded apps in phase0:
	[]
<INFO> 16-Mar-2023::02:50:25.825 dms confd[<0.135.0>]: devel-cdb Loaded schema file: ./confd-cdb/C.cdb (v5 from ConfD version 8.0.2)
<INFO> 16-Mar-2023::02:50:25.850 dms confd[<0.134.0>]: devel-cdb Loaded oper data from ./confd-cdb/O.cdb (4 bytes data in 0.001s)
<INFO> 16-Mar-2023::02:50:25.851 dms confd[<0.135.0>]: devel-cdb Loaded configuration from ./confd-cdb/A.cdb (1.39 KiB data, 1 transaction in 0.000s)
<INFO> 16-Mar-2023::02:50:25.860 dms confd[<0.135.0>]: devel-cdb Compacted CDB journal file: 4 ms (93 nodes in memory, disk size 1.39 KiB -> 1.39 KiB)
<INFO> 16-Mar-2023::02:50:25.914 dms confd[<0.68.0>]: confd encryptedStrings keys provided from config
<INFO> 16-Mar-2023::02:50:25.915 dms confd[<0.9.0>]: confd embedded apps in phase1:
	[]
<INFO> 16-Mar-2023::02:50:25.929 dms confd[<0.167.0>]: confd initializing kickers
<INFO> 16-Mar-2023::02:50:25.938 dms confd[<0.167.0>]: confd initializing kickers: ok (0.009 s)
<ERR> 16-Mar-2023::02:50:25.971 dms confd[<0.193.0>]: devel-aaa Module "tailf-webui" in access rule "any-group/tailf-webui-user" does not exist - ignoring rule
<INFO> 16-Mar-2023::02:50:25.976 dms confd[<0.226.0>]: confd delete "./confd-cdb/rollback0.confirm" resulted in enoent

<INFO> 16-Mar-2023::02:50:25.976 dms confd[<0.226.0>]: confd delete "./confd-cdb/rollback0.confirm.bup" resulted in enoent

<INFO> 16-Mar-2023::02:50:25.990 dms confd[<0.9.0>]: confd embedded apps in phase1_delayed:
	[]
<INFO> 16-Mar-2023::02:50:25.996 dms confd[<0.9.0>]: confd embedded apps in phase2:
	[]
<INFO> 16-Mar-2023::02:50:26.086 dms confd[<0.9.0>]: confd Erlang emulator PID: 188685
<INFO> 16-Mar-2023::05:06:29.158 dms confd[<0.69.0>]: confd Set running datastore status to valid
<INFO> 16-Mar-2023::05:07:20.835 dms confd[<0.69.0>]: confd Set running datastore status to valid
<INFO> 16-Mar-2023::05:09:25.807 dms confd[<0.122.0>]: devel-c Worker closed daemon id: 0, worker id: 5, socket: {socket,<0.267.0>}
<INFO> 16-Mar-2023::05:10:07.303 dms confd[<0.69.0>]: confd embedded apps in early_phase0:
	[]
<INFO> 16-Mar-2023::05:10:07.489 dms confd[<0.97.0>]: confd mmap_schema handle_info got msg: timeout
<INFO> 16-Mar-2023::05:10:07.509 dms confd[<0.9.0>]: confd embedded apps in phase0:
	[]
<INFO> 16-Mar-2023::05:10:07.584 dms confd[<0.135.0>]: devel-cdb Loaded schema file: ./confd-cdb/C.cdb (v5 from ConfD version 8.0.2)
<INFO> 16-Mar-2023::05:10:07.616 dms confd[<0.134.0>]: devel-cdb Loaded oper data from ./confd-cdb/O.cdb (4 bytes data in 0.000s)
<INFO> 16-Mar-2023::05:10:07.617 dms confd[<0.135.0>]: devel-cdb Loaded configuration from ./confd-cdb/A.cdb (1.39 KiB data, 1 transaction in 0.000s)
<INFO> 16-Mar-2023::05:10:07.625 dms confd[<0.135.0>]: devel-cdb Compacted CDB journal file: 4 ms (93 nodes in memory, disk size 1.39 KiB -> 1.39 KiB)
<INFO> 16-Mar-2023::05:10:07.682 dms confd[<0.68.0>]: confd encryptedStrings keys provided from config
<INFO> 16-Mar-2023::05:10:07.682 dms confd[<0.9.0>]: confd embedded apps in phase1:
	[]
<INFO> 16-Mar-2023::05:10:07.695 dms confd[<0.167.0>]: confd initializing kickers
<INFO> 16-Mar-2023::05:10:07.703 dms confd[<0.167.0>]: confd initializing kickers: ok (0.005 s)
<ERR> 16-Mar-2023::05:10:07.730 dms confd[<0.193.0>]: devel-aaa Module "tailf-webui" in access rule "any-group/tailf-webui-user" does not exist - ignoring rule
<INFO> 16-Mar-2023::05:10:07.734 dms confd[<0.226.0>]: confd delete "./confd-cdb/rollback0.confirm" resulted in enoent

<INFO> 16-Mar-2023::05:10:07.734 dms confd[<0.226.0>]: confd delete "./confd-cdb/rollback0.confirm.bup" resulted in enoent

<INFO> 16-Mar-2023::05:10:07.745 dms confd[<0.9.0>]: confd embedded apps in phase1_delayed:
	[]
<INFO> 16-Mar-2023::05:10:07.752 dms confd[<0.9.0>]: confd embedded apps in phase2:
	[]
<INFO> 16-Mar-2023::05:10:07.828 dms confd[<0.9.0>]: confd Erlang emulator PID: 191698
<INFO> 16-Mar-2023::05:37:14.543 dms confd[<0.69.0>]: confd Set running datastore status to valid
<INFO> 16-Mar-2023::05:37:20.978 dms confd[<0.69.0>]: confd Set running datastore status to valid
<INFO> 16-Mar-2023::05:38:21.943 dms confd[<0.69.0>]: confd Set running datastore status to valid
<INFO> 17-Mar-2023::01:35:40.466 dms confd[<0.69.0>]: confd Set running datastore status to valid
<INFO> 21-Mar-2023::01:55:10.266 dms confd[<0.69.0>]: confd Set running datastore status to valid
<INFO> 21-Mar-2023::02:05:13.617 dms confd[<0.69.0>]: confd Set running datastore status to valid
<INFO> 21-Mar-2023::02:05:27.173 dms confd[<0.69.0>]: confd Set running datastore status to valid
<INFO> 21-Mar-2023::02:05:39.233 dms confd[<0.69.0>]: confd Set running datastore status to valid
<INFO> 21-Mar-2023::02:05:53.972 dms confd[<0.69.0>]: confd Set running datastore status to valid
<INFO> 21-Mar-2023::02:06:13.540 dms confd[<0.69.0>]: confd Set running datastore status to valid
<INFO> 21-Mar-2023::02:06:22.890 dms confd[<0.69.0>]: confd Set running datastore status to valid
<INFO> 21-Mar-2023::02:06:30.532 dms confd[<0.69.0>]: confd Set running datastore status to valid
<INFO> 21-Mar-2023::02:06:47.235 dms confd[<0.69.0>]: confd Set running datastore status to valid
<INFO> 21-Mar-2023::02:06:56.915 dms confd[<0.69.0>]: confd Set running datastore status to valid
<INFO> 21-Mar-2023::02:07:33.642 dms confd[<0.69.0>]: confd Set running datastore status to valid
<INFO> 21-Mar-2023::02:08:13.411 dms confd[<0.69.0>]: confd Set running datastore status to valid
<INFO> 21-Mar-2023::02:08:27.371 dms confd[<0.69.0>]: confd Set running datastore status to valid
<INFO> 21-Mar-2023::02:08:31.870 dms confd[<0.69.0>]: confd Set running datastore status to valid
<INFO> 21-Mar-2023::02:08:57.527 dms confd[<0.69.0>]: confd Set running datastore status to valid
<INFO> 21-Mar-2023::02:09:01.720 dms confd[<0.69.0>]: confd Set running datastore status to valid
<INFO> 21-Mar-2023::02:09:08.994 dms confd[<0.69.0>]: confd Set running datastore status to valid
<INFO> 21-Mar-2023::02:09:51.288 dms confd[<0.69.0>]: confd Set running datastore status to valid
<INFO> 21-Mar-2023::02:16:39.677 dms confd[<0.69.0>]: confd Set running datastore status to valid
<INFO> 21-Mar-2023::02:16:56.904 dms confd[<0.69.0>]: confd Set running datastore status to valid
<INFO> 21-Mar-2023::02:17:05.778 dms confd[<0.69.0>]: confd Set running datastore status to valid
<INFO> 21-Mar-2023::02:17:11.385 dms confd[<0.69.0>]: confd Set running datastore status to valid
<INFO> 21-Mar-2023::02:18:03.823 dms confd[<0.69.0>]: confd Set running datastore status to valid
<INFO> 21-Mar-2023::02:18:12.678 dms confd[<0.69.0>]: confd Set running datastore status to valid
<INFO> 21-Mar-2023::02:18:55.212 dms confd[<0.69.0>]: confd Set running datastore status to valid
<INFO> 21-Mar-2023::02:40:42.344 dms confd[<0.69.0>]: confd Set running datastore status to valid
<INFO> 21-Mar-2023::02:40:51.024 dms confd[<0.69.0>]: confd Set running datastore status to valid
<INFO> 21-Mar-2023::02:41:30.892 dms confd[<0.69.0>]: confd Set running datastore status to valid
<INFO> 21-Mar-2023::02:41:44.163 dms confd[<0.69.0>]: confd Set running datastore status to valid
<INFO> 21-Mar-2023::02:42:40.544 dms confd[<0.69.0>]: confd Set running datastore status to valid
<INFO> 21-Mar-2023::02:43:07.190 dms confd[<0.69.0>]: confd Set running datastore status to valid
<INFO> 21-Mar-2023::02:45:34.398 dms confd[<0.69.0>]: confd Set running datastore status to valid
<INFO> 21-Mar-2023::02:45:52.743 dms confd[<0.69.0>]: confd Set running datastore status to valid
<INFO> 21-Mar-2023::02:46:50.529 dms confd[<0.69.0>]: confd Set running datastore status to valid
<INFO> 21-Mar-2023::02:47:07.430 dms confd[<0.69.0>]: confd Set running datastore status to valid
<INFO> 21-Mar-2023::02:47:15.876 dms confd[<0.69.0>]: confd Set running datastore status to valid
<INFO> 21-Mar-2023::02:47:48.033 dms confd[<0.69.0>]: confd Set running datastore status to valid
<INFO> 21-Mar-2023::02:48:44.632 dms confd[<0.69.0>]: confd Set running datastore status to valid
<INFO> 21-Mar-2023::02:49:53.995 dms confd[<0.69.0>]: confd Set running datastore status to valid
<INFO> 21-Mar-2023::02:50:30.155 dms confd[<0.69.0>]: confd Set running datastore status to valid
<INFO> 21-Mar-2023::02:52:48.936 dms confd[<0.69.0>]: confd Set running datastore status to valid
<INFO> 21-Mar-2023::04:30:09.878 dms confd[<0.69.0>]: confd Set running datastore status to valid
<INFO> 21-Mar-2023::04:35:39.799 dms confd[<0.69.0>]: confd Set running datastore status to valid
<INFO> 21-Mar-2023::04:35:48.327 dms confd[<0.69.0>]: confd Set running datastore status to valid
<INFO> 21-Mar-2023::04:36:36.998 dms confd[<0.69.0>]: confd Set running datastore status to valid
<INFO> 21-Mar-2023::04:36:53.613 dms confd[<0.69.0>]: confd Set running datastore status to valid
<INFO> 21-Mar-2023::04:37:26.561 dms confd[<0.69.0>]: confd Set running datastore status to valid
<INFO> 21-Mar-2023::04:37:51.504 dms confd[<0.69.0>]: confd Set running datastore status to valid
<INFO> 21-Mar-2023::04:38:24.328 dms confd[<0.69.0>]: confd Set running datastore status to valid
<INFO> 21-Mar-2023::05:10:51.098 dms confd[<0.69.0>]: confd Set running datastore status to valid
<INFO> 21-Mar-2023::05:11:41.035 dms confd[<0.69.0>]: confd Set running datastore status to valid
<INFO> 21-Mar-2023::05:11:54.932 dms confd[<0.69.0>]: confd Set running datastore status to valid
<INFO> 21-Mar-2023::05:12:06.917 dms confd[<0.69.0>]: confd Set running datastore status to valid
<INFO> 21-Mar-2023::05:12:28.243 dms confd[<0.69.0>]: confd Set running datastore status to valid
<INFO> 21-Mar-2023::05:16:35.016 dms confd[<0.69.0>]: confd Set running datastore status to valid
<INFO> 21-Mar-2023::05:17:43.727 dms confd[<0.69.0>]: confd Set running datastore status to valid
<INFO> 21-Mar-2023::05:17:58.506 dms confd[<0.69.0>]: confd Set running datastore status to valid
<INFO> 21-Mar-2023::05:18:25.473 dms confd[<0.69.0>]: confd Set running datastore status to valid
<INFO> 21-Mar-2023::05:18:44.742 dms confd[<0.69.0>]: confd Set running datastore status to valid
<INFO> 21-Mar-2023::05:20:19.240 dms confd[<0.69.0>]: confd Set running datastore status to valid
<INFO> 21-Mar-2023::05:20:57.794 dms confd[<0.69.0>]: confd Set running datastore status to valid
<INFO> 21-Mar-2023::05:21:54.426 dms confd[<0.69.0>]: confd Set running datastore status to valid
<ERR> 21-Mar-2023::05:21:54.442 dms confd[<0.2723.0>]: devel-c action action() error {application, "Python cb_action error. 1064 (42000): You have an error in your SQL syntax; check the manual that corresponds to your MySQL server version for the right syntax to use near '' at line 1"} for callpoint registration path 
<INFO> 21-Mar-2023::05:27:03.364 dms confd[<0.69.0>]: confd Set running datastore status to valid
<ERR> 21-Mar-2023::05:27:03.372 dms confd[<0.2751.0>]: devel-c action action() error {application, "Python cb_action error. 1064 (42000): You have an error in your SQL syntax; check the manual that corresponds to your MySQL server version for the right syntax to use near '' at line 1"} for callpoint registration path 
<INFO> 21-Mar-2023::05:27:12.979 dms confd[<0.122.0>]: devel-c Worker closed daemon id: 0, worker id: 5, socket: {socket,<0.267.0>}
<INFO> 21-Mar-2023::05:27:15.514 dms confd[<0.69.0>]: confd embedded apps in early_phase0:
	[]
<INFO> 21-Mar-2023::05:27:15.829 dms confd[<0.97.0>]: confd mmap_schema handle_info got msg: timeout
<INFO> 21-Mar-2023::05:27:15.846 dms confd[<0.9.0>]: confd embedded apps in phase0:
	[]
<INFO> 21-Mar-2023::05:27:15.960 dms confd[<0.135.0>]: devel-cdb Loaded schema file: ./confd-cdb/C.cdb (v5 from ConfD version 8.0.2)
<INFO> 21-Mar-2023::05:27:15.989 dms confd[<0.134.0>]: devel-cdb Loaded oper data from ./confd-cdb/O.cdb (4 bytes data in 0.002s)
<INFO> 21-Mar-2023::05:27:15.990 dms confd[<0.135.0>]: devel-cdb Loaded configuration from ./confd-cdb/A.cdb (1.39 KiB data, 1 transaction in 0.000s)
<INFO> 21-Mar-2023::05:27:15.998 dms confd[<0.135.0>]: devel-cdb Compacted CDB journal file: 4 ms (93 nodes in memory, disk size 1.39 KiB -> 1.39 KiB)
<INFO> 21-Mar-2023::05:27:16.083 dms confd[<0.68.0>]: confd encryptedStrings keys provided from config
<INFO> 21-Mar-2023::05:27:16.084 dms confd[<0.9.0>]: confd embedded apps in phase1:
	[]
<INFO> 21-Mar-2023::05:27:16.101 dms confd[<0.167.0>]: confd initializing kickers
<INFO> 21-Mar-2023::05:27:16.109 dms confd[<0.167.0>]: confd initializing kickers: ok (0.008 s)
<ERR> 21-Mar-2023::05:27:16.149 dms confd[<0.193.0>]: devel-aaa Module "tailf-webui" in access rule "any-group/tailf-webui-user" does not exist - ignoring rule
<INFO> 21-Mar-2023::05:27:16.157 dms confd[<0.226.0>]: confd delete "./confd-cdb/rollback0.confirm" resulted in enoent

<INFO> 21-Mar-2023::05:27:16.159 dms confd[<0.226.0>]: confd delete "./confd-cdb/rollback0.confirm.bup" resulted in enoent

<INFO> 21-Mar-2023::05:27:16.179 dms confd[<0.9.0>]: confd embedded apps in phase1_delayed:
	[]
<INFO> 21-Mar-2023::05:27:16.192 dms confd[<0.9.0>]: confd embedded apps in phase2:
	[]
<INFO> 21-Mar-2023::05:27:16.311 dms confd[<0.9.0>]: confd Erlang emulator PID: 229591
<INFO> 21-Mar-2023::05:27:18.260 dms confd[<0.69.0>]: confd Set running datastore status to valid
<INFO> 21-Mar-2023::05:30:54.506 dms confd[<0.122.0>]: devel-c Worker closed daemon id: 0, worker id: 5, socket: {socket,<0.267.0>}
<INFO> 21-Mar-2023::05:30:55.750 dms confd[<0.69.0>]: confd embedded apps in early_phase0:
	[]
<INFO> 21-Mar-2023::05:30:56.000 dms confd[<0.97.0>]: confd mmap_schema handle_info got msg: timeout
<INFO> 21-Mar-2023::05:30:56.015 dms confd[<0.9.0>]: confd embedded apps in phase0:
	[]
<INFO> 21-Mar-2023::05:30:56.095 dms confd[<0.135.0>]: devel-cdb Loaded schema file: ./confd-cdb/C.cdb (v5 from ConfD version 8.0.2)
<INFO> 21-Mar-2023::05:30:56.128 dms confd[<0.134.0>]: devel-cdb Loaded oper data from ./confd-cdb/O.cdb (4 bytes data in 0.001s)
<INFO> 21-Mar-2023::05:30:56.129 dms confd[<0.135.0>]: devel-cdb Loaded configuration from ./confd-cdb/A.cdb (1.39 KiB data, 1 transaction in 0.000s)
<INFO> 21-Mar-2023::05:30:56.144 dms confd[<0.135.0>]: devel-cdb Compacted CDB journal file: 6 ms (93 nodes in memory, disk size 1.39 KiB -> 1.39 KiB)
<INFO> 21-Mar-2023::05:30:56.211 dms confd[<0.68.0>]: confd encryptedStrings keys provided from config
<INFO> 21-Mar-2023::05:30:56.211 dms confd[<0.9.0>]: confd embedded apps in phase1:
	[]
<INFO> 21-Mar-2023::05:30:56.229 dms confd[<0.167.0>]: confd initializing kickers
<INFO> 21-Mar-2023::05:30:56.238 dms confd[<0.167.0>]: confd initializing kickers: ok (0.009 s)
<ERR> 21-Mar-2023::05:30:56.288 dms confd[<0.193.0>]: devel-aaa Module "tailf-webui" in access rule "any-group/tailf-webui-user" does not exist - ignoring rule
<INFO> 21-Mar-2023::05:30:56.294 dms confd[<0.226.0>]: confd delete "./confd-cdb/rollback0.confirm" resulted in enoent

<INFO> 21-Mar-2023::05:30:56.294 dms confd[<0.226.0>]: confd delete "./confd-cdb/rollback0.confirm.bup" resulted in enoent

<INFO> 21-Mar-2023::05:30:56.312 dms confd[<0.9.0>]: confd embedded apps in phase1_delayed:
	[]
<INFO> 21-Mar-2023::05:30:56.321 dms confd[<0.9.0>]: confd embedded apps in phase2:
	[]
<INFO> 21-Mar-2023::05:30:56.410 dms confd[<0.9.0>]: confd Erlang emulator PID: 229751
<INFO> 21-Mar-2023::05:30:58.001 dms confd[<0.69.0>]: confd Set running datastore status to valid
<INFO> 21-Mar-2023::05:31:42.348 dms confd[<0.122.0>]: devel-c Worker closed daemon id: 0, worker id: 5, socket: {socket,<0.267.0>}
<INFO> 21-Mar-2023::05:31:43.769 dms confd[<0.69.0>]: confd embedded apps in early_phase0:
	[]
<INFO> 21-Mar-2023::05:31:44.005 dms confd[<0.97.0>]: confd mmap_schema handle_info got msg: timeout
<INFO> 21-Mar-2023::05:31:44.022 dms confd[<0.9.0>]: confd embedded apps in phase0:
	[]
<INFO> 21-Mar-2023::05:31:44.098 dms confd[<0.135.0>]: devel-cdb Loaded schema file: ./confd-cdb/C.cdb (v5 from ConfD version 8.0.2)
<INFO> 21-Mar-2023::05:31:44.128 dms confd[<0.134.0>]: devel-cdb Loaded oper data from ./confd-cdb/O.cdb (4 bytes data in 0.001s)
<INFO> 21-Mar-2023::05:31:44.128 dms confd[<0.135.0>]: devel-cdb Loaded configuration from ./confd-cdb/A.cdb (1.39 KiB data, 1 transaction in 0.000s)
<INFO> 21-Mar-2023::05:31:44.138 dms confd[<0.135.0>]: devel-cdb Compacted CDB journal file: 4 ms (93 nodes in memory, disk size 1.39 KiB -> 1.39 KiB)
<INFO> 21-Mar-2023::05:31:44.202 dms confd[<0.68.0>]: confd encryptedStrings keys provided from config
<INFO> 21-Mar-2023::05:31:44.203 dms confd[<0.9.0>]: confd embedded apps in phase1:
	[]
<INFO> 21-Mar-2023::05:31:44.223 dms confd[<0.167.0>]: confd initializing kickers
<INFO> 21-Mar-2023::05:31:44.233 dms confd[<0.167.0>]: confd initializing kickers: ok (0.010 s)
<ERR> 21-Mar-2023::05:31:44.263 dms confd[<0.193.0>]: devel-aaa Module "tailf-webui" in access rule "any-group/tailf-webui-user" does not exist - ignoring rule
<INFO> 21-Mar-2023::05:31:44.270 dms confd[<0.226.0>]: confd delete "./confd-cdb/rollback0.confirm" resulted in enoent

<INFO> 21-Mar-2023::05:31:44.270 dms confd[<0.226.0>]: confd delete "./confd-cdb/rollback0.confirm.bup" resulted in enoent

<INFO> 21-Mar-2023::05:31:44.288 dms confd[<0.9.0>]: confd embedded apps in phase1_delayed:
	[]
<INFO> 21-Mar-2023::05:31:44.300 dms confd[<0.9.0>]: confd embedded apps in phase2:
	[]
<INFO> 21-Mar-2023::05:31:44.414 dms confd[<0.9.0>]: confd Erlang emulator PID: 229867
<INFO> 21-Mar-2023::05:31:45.303 dms confd[<0.69.0>]: confd Set running datastore status to valid
<INFO> 21-Mar-2023::05:31:59.156 dms confd[<0.122.0>]: devel-c Worker closed daemon id: 0, worker id: 5, socket: {socket,<0.267.0>}
<INFO> 21-Mar-2023::05:32:00.452 dms confd[<0.69.0>]: confd embedded apps in early_phase0:
	[]
<INFO> 21-Mar-2023::05:32:00.673 dms confd[<0.97.0>]: confd mmap_schema handle_info got msg: timeout
<INFO> 21-Mar-2023::05:32:00.684 dms confd[<0.9.0>]: confd embedded apps in phase0:
	[]
<INFO> 21-Mar-2023::05:32:00.771 dms confd[<0.135.0>]: devel-cdb Loaded schema file: ./confd-cdb/C.cdb (v5 from ConfD version 8.0.2)
<INFO> 21-Mar-2023::05:32:00.807 dms confd[<0.134.0>]: devel-cdb Loaded oper data from ./confd-cdb/O.cdb (4 bytes data in 0.001s)
<INFO> 21-Mar-2023::05:32:00.808 dms confd[<0.135.0>]: devel-cdb Loaded configuration from ./confd-cdb/A.cdb (1.39 KiB data, 1 transaction in 0.000s)
<INFO> 21-Mar-2023::05:32:00.818 dms confd[<0.135.0>]: devel-cdb Compacted CDB journal file: 4 ms (93 nodes in memory, disk size 1.39 KiB -> 1.39 KiB)
<INFO> 21-Mar-2023::05:32:00.915 dms confd[<0.68.0>]: confd encryptedStrings keys provided from config
<INFO> 21-Mar-2023::05:32:00.915 dms confd[<0.9.0>]: confd embedded apps in phase1:
	[]
<INFO> 21-Mar-2023::05:32:00.931 dms confd[<0.167.0>]: confd initializing kickers
<INFO> 21-Mar-2023::05:32:00.946 dms confd[<0.167.0>]: confd initializing kickers: ok (0.013 s)
<ERR> 21-Mar-2023::05:32:00.996 dms confd[<0.193.0>]: devel-aaa Module "tailf-webui" in access rule "any-group/tailf-webui-user" does not exist - ignoring rule
<INFO> 21-Mar-2023::05:32:01.002 dms confd[<0.226.0>]: confd delete "./confd-cdb/rollback0.confirm" resulted in enoent

<INFO> 21-Mar-2023::05:32:01.002 dms confd[<0.226.0>]: confd delete "./confd-cdb/rollback0.confirm.bup" resulted in enoent

<INFO> 21-Mar-2023::05:32:01.021 dms confd[<0.9.0>]: confd embedded apps in phase1_delayed:
	[]
<INFO> 21-Mar-2023::05:32:01.035 dms confd[<0.9.0>]: confd embedded apps in phase2:
	[]
<INFO> 21-Mar-2023::05:32:01.112 dms confd[<0.9.0>]: confd Erlang emulator PID: 229983
<INFO> 21-Mar-2023::05:32:03.371 dms confd[<0.69.0>]: confd Set running datastore status to valid
<INFO> 21-Mar-2023::05:32:22.822 dms confd[<0.122.0>]: devel-c Worker closed daemon id: 0, worker id: 5, socket: {socket,<0.267.0>}
<INFO> 21-Mar-2023::05:32:24.076 dms confd[<0.69.0>]: confd embedded apps in early_phase0:
	[]
<INFO> 21-Mar-2023::05:32:24.300 dms confd[<0.97.0>]: confd mmap_schema handle_info got msg: timeout
<INFO> 21-Mar-2023::05:32:24.314 dms confd[<0.9.0>]: confd embedded apps in phase0:
	[]
<INFO> 21-Mar-2023::05:32:24.409 dms confd[<0.135.0>]: devel-cdb Loaded schema file: ./confd-cdb/C.cdb (v5 from ConfD version 8.0.2)
<INFO> 21-Mar-2023::05:32:24.437 dms confd[<0.134.0>]: devel-cdb Loaded oper data from ./confd-cdb/O.cdb (4 bytes data in 0.001s)
<INFO> 21-Mar-2023::05:32:24.437 dms confd[<0.135.0>]: devel-cdb Loaded configuration from ./confd-cdb/A.cdb (1.39 KiB data, 1 transaction in 0.000s)
<INFO> 21-Mar-2023::05:32:24.445 dms confd[<0.135.0>]: devel-cdb Compacted CDB journal file: 4 ms (93 nodes in memory, disk size 1.39 KiB -> 1.39 KiB)
<INFO> 21-Mar-2023::05:32:24.503 dms confd[<0.68.0>]: confd encryptedStrings keys provided from config
<INFO> 21-Mar-2023::05:32:24.506 dms confd[<0.9.0>]: confd embedded apps in phase1:
	[]
<INFO> 21-Mar-2023::05:32:24.520 dms confd[<0.167.0>]: confd initializing kickers
<INFO> 21-Mar-2023::05:32:24.532 dms confd[<0.167.0>]: confd initializing kickers: ok (0.012 s)
<ERR> 21-Mar-2023::05:32:24.583 dms confd[<0.193.0>]: devel-aaa Module "tailf-webui" in access rule "any-group/tailf-webui-user" does not exist - ignoring rule
<INFO> 21-Mar-2023::05:32:24.598 dms confd[<0.226.0>]: confd delete "./confd-cdb/rollback0.confirm" resulted in enoent

<INFO> 21-Mar-2023::05:32:24.600 dms confd[<0.226.0>]: confd delete "./confd-cdb/rollback0.confirm.bup" resulted in enoent

<INFO> 21-Mar-2023::05:32:24.622 dms confd[<0.9.0>]: confd embedded apps in phase1_delayed:
	[]
<INFO> 21-Mar-2023::05:32:24.633 dms confd[<0.9.0>]: confd embedded apps in phase2:
	[]
<INFO> 21-Mar-2023::05:32:24.725 dms confd[<0.9.0>]: confd Erlang emulator PID: 230105
<INFO> 21-Mar-2023::05:32:25.740 dms confd[<0.69.0>]: confd Set running datastore status to valid
<ERR> 21-Mar-2023::05:32:25.755 dms confd[<0.281.0>]: devel-c action action() error {application, "fail"} for callpoint registration path 
<INFO> 21-Mar-2023::05:37:42.128 dms confd[<0.122.0>]: devel-c Worker closed daemon id: 0, worker id: 5, socket: {socket,<0.267.0>}
<INFO> 21-Mar-2023::05:37:43.570 dms confd[<0.69.0>]: confd embedded apps in early_phase0:
	[]
<INFO> 21-Mar-2023::05:37:43.812 dms confd[<0.97.0>]: confd mmap_schema handle_info got msg: timeout
<INFO> 21-Mar-2023::05:37:43.824 dms confd[<0.9.0>]: confd embedded apps in phase0:
	[]
<INFO> 21-Mar-2023::05:37:43.915 dms confd[<0.135.0>]: devel-cdb Loaded schema file: ./confd-cdb/C.cdb (v5 from ConfD version 8.0.2)
<INFO> 21-Mar-2023::05:37:43.948 dms confd[<0.134.0>]: devel-cdb Loaded oper data from ./confd-cdb/O.cdb (4 bytes data in 0.001s)
<INFO> 21-Mar-2023::05:37:43.949 dms confd[<0.135.0>]: devel-cdb Loaded configuration from ./confd-cdb/A.cdb (1.39 KiB data, 1 transaction in 0.000s)
<INFO> 21-Mar-2023::05:37:43.958 dms confd[<0.135.0>]: devel-cdb Compacted CDB journal file: 3 ms (93 nodes in memory, disk size 1.39 KiB -> 1.39 KiB)
<INFO> 21-Mar-2023::05:37:44.023 dms confd[<0.68.0>]: confd encryptedStrings keys provided from config
<INFO> 21-Mar-2023::05:37:44.023 dms confd[<0.9.0>]: confd embedded apps in phase1:
	[]
<INFO> 21-Mar-2023::05:37:44.043 dms confd[<0.167.0>]: confd initializing kickers
<INFO> 21-Mar-2023::05:37:44.055 dms confd[<0.167.0>]: confd initializing kickers: ok (0.011 s)
<ERR> 21-Mar-2023::05:37:44.107 dms confd[<0.193.0>]: devel-aaa Module "tailf-webui" in access rule "any-group/tailf-webui-user" does not exist - ignoring rule
<INFO> 21-Mar-2023::05:37:44.120 dms confd[<0.226.0>]: confd delete "./confd-cdb/rollback0.confirm" resulted in enoent

<INFO> 21-Mar-2023::05:37:44.120 dms confd[<0.226.0>]: confd delete "./confd-cdb/rollback0.confirm.bup" resulted in enoent

<INFO> 21-Mar-2023::05:37:44.140 dms confd[<0.9.0>]: confd embedded apps in phase1_delayed:
	[]
<INFO> 21-Mar-2023::05:37:44.149 dms confd[<0.9.0>]: confd embedded apps in phase2:
	[]
<INFO> 21-Mar-2023::05:37:44.244 dms confd[<0.9.0>]: confd Erlang emulator PID: 230259
<INFO> 21-Mar-2023::05:37:45.093 dms confd[<0.69.0>]: confd Set running datastore status to valid
<ERR> 21-Mar-2023::05:37:45.110 dms confd[<0.281.0>]: devel-c action action() error {application, "Python cb_action error. tctx argument must be a _confd.TransCtxRef instance"} for callpoint registration path 
<INFO> 21-Mar-2023::05:40:39.175 dms confd[<0.122.0>]: devel-c Worker closed daemon id: 0, worker id: 5, socket: {socket,<0.267.0>}
<INFO> 21-Mar-2023::05:40:40.457 dms confd[<0.69.0>]: confd embedded apps in early_phase0:
	[]
<INFO> 21-Mar-2023::05:40:40.679 dms confd[<0.97.0>]: confd mmap_schema handle_info got msg: timeout
<INFO> 21-Mar-2023::05:40:40.692 dms confd[<0.9.0>]: confd embedded apps in phase0:
	[]
<INFO> 21-Mar-2023::05:40:40.771 dms confd[<0.135.0>]: devel-cdb Loaded schema file: ./confd-cdb/C.cdb (v5 from ConfD version 8.0.2)
<INFO> 21-Mar-2023::05:40:40.801 dms confd[<0.134.0>]: devel-cdb Loaded oper data from ./confd-cdb/O.cdb (4 bytes data in 0.001s)
<INFO> 21-Mar-2023::05:40:40.801 dms confd[<0.135.0>]: devel-cdb Loaded configuration from ./confd-cdb/A.cdb (1.39 KiB data, 1 transaction in 0.000s)
<INFO> 21-Mar-2023::05:40:40.809 dms confd[<0.135.0>]: devel-cdb Compacted CDB journal file: 3 ms (93 nodes in memory, disk size 1.39 KiB -> 1.39 KiB)
<INFO> 21-Mar-2023::05:40:40.886 dms confd[<0.68.0>]: confd encryptedStrings keys provided from config
<INFO> 21-Mar-2023::05:40:40.888 dms confd[<0.9.0>]: confd embedded apps in phase1:
	[]
<INFO> 21-Mar-2023::05:40:40.909 dms confd[<0.167.0>]: confd initializing kickers
<INFO> 21-Mar-2023::05:40:40.926 dms confd[<0.167.0>]: confd initializing kickers: ok (0.015 s)
<ERR> 21-Mar-2023::05:40:40.961 dms confd[<0.193.0>]: devel-aaa Module "tailf-webui" in access rule "any-group/tailf-webui-user" does not exist - ignoring rule
<INFO> 21-Mar-2023::05:40:40.969 dms confd[<0.226.0>]: confd delete "./confd-cdb/rollback0.confirm" resulted in enoent

<INFO> 21-Mar-2023::05:40:40.969 dms confd[<0.226.0>]: confd delete "./confd-cdb/rollback0.confirm.bup" resulted in enoent

<INFO> 21-Mar-2023::05:40:40.982 dms confd[<0.9.0>]: confd embedded apps in phase1_delayed:
	[]
<INFO> 21-Mar-2023::05:40:40.989 dms confd[<0.9.0>]: confd embedded apps in phase2:
	[]
<INFO> 21-Mar-2023::05:40:41.077 dms confd[<0.9.0>]: confd Erlang emulator PID: 230379
<INFO> 21-Mar-2023::05:40:41.841 dms confd[<0.69.0>]: confd Set running datastore status to valid
<ERR> 21-Mar-2023::05:40:41.857 dms confd[<0.281.0>]: devel-c action action() error {application, "EMPTY"} for callpoint registration path 
<INFO> 21-Mar-2023::05:40:58.400 dms confd[<0.69.0>]: confd embedded apps in early_phase0:
	[]
<INFO> 21-Mar-2023::05:40:58.625 dms confd[<0.97.0>]: confd mmap_schema handle_info got msg: timeout
<INFO> 21-Mar-2023::05:40:58.636 dms confd[<0.9.0>]: confd embedded apps in phase0:
	[]
<INFO> 21-Mar-2023::05:40:58.713 dms confd[<0.135.0>]: devel-cdb Loaded schema file: ./confd-cdb/C.cdb (v5 from ConfD version 8.0.2)
<INFO> 21-Mar-2023::05:40:58.745 dms confd[<0.134.0>]: devel-cdb Loaded oper data from ./confd-cdb/O.cdb (4 bytes data in 0.000s)
<INFO> 21-Mar-2023::05:40:58.746 dms confd[<0.135.0>]: devel-cdb Loaded configuration from ./confd-cdb/A.cdb (1.39 KiB data, 1 transaction in 0.000s)
<INFO> 21-Mar-2023::05:40:58.754 dms confd[<0.135.0>]: devel-cdb Compacted CDB journal file: 3 ms (93 nodes in memory, disk size 1.39 KiB -> 1.39 KiB)
<INFO> 21-Mar-2023::05:40:58.817 dms confd[<0.68.0>]: confd encryptedStrings keys provided from config
<INFO> 21-Mar-2023::05:40:58.817 dms confd[<0.9.0>]: confd embedded apps in phase1:
	[]
<INFO> 21-Mar-2023::05:40:58.837 dms confd[<0.167.0>]: confd initializing kickers
<INFO> 21-Mar-2023::05:40:58.844 dms confd[<0.167.0>]: confd initializing kickers: ok (0.006 s)
<ERR> 21-Mar-2023::05:40:58.891 dms confd[<0.193.0>]: devel-aaa Module "tailf-webui" in access rule "any-group/tailf-webui-user" does not exist - ignoring rule
<INFO> 21-Mar-2023::05:40:58.896 dms confd[<0.226.0>]: confd delete "./confd-cdb/rollback0.confirm" resulted in enoent

<INFO> 21-Mar-2023::05:40:58.897 dms confd[<0.226.0>]: confd delete "./confd-cdb/rollback0.confirm.bup" resulted in enoent

<INFO> 21-Mar-2023::05:40:58.914 dms confd[<0.9.0>]: confd embedded apps in phase1_delayed:
	[]
<INFO> 21-Mar-2023::05:40:58.925 dms confd[<0.9.0>]: confd embedded apps in phase2:
	[]
<INFO> 21-Mar-2023::05:40:59.040 dms confd[<0.9.0>]: confd Erlang emulator PID: 230488
<INFO> 21-Mar-2023::05:40:59.935 dms confd[<0.69.0>]: confd Set running datastore status to valid
<ERR> 21-Mar-2023::05:40:59.954 dms confd[<0.281.0>]: devel-c action action() error {application, "EMPTY"} for callpoint registration path 
<ERR> 21-Mar-2023::05:41:00.081 dms confd[<0.294.0>]: devel-c close_usess error {application, ""}
<INFO> 21-Mar-2023::05:41:05.426 dms confd[<0.69.0>]: confd Set running datastore status to valid
<ERR> 21-Mar-2023::05:41:05.434 dms confd[<0.307.0>]: devel-c action action() error {application, "EMPTY"} for callpoint registration path 
<ERR> 21-Mar-2023::05:41:05.540 dms confd[<0.322.0>]: devel-c close_usess error {application, ""}
<INFO> 21-Mar-2023::05:42:36.582 dms confd[<0.69.0>]: confd Set running datastore status to valid
<INFO> 21-Mar-2023::05:42:55.644 dms confd[<0.69.0>]: confd Set running datastore status to valid
<ERR> 21-Mar-2023::05:42:55.653 dms confd[<0.362.0>]: devel-c action action() error {application, "EMPTY"} for callpoint registration path 
<ERR> 21-Mar-2023::05:42:55.658 dms confd[<0.378.0>]: devel-c close_usess error {application, ""}
<INFO> 21-Mar-2023::05:47:06.189 dms confd[<0.69.0>]: confd Set running datastore status to valid
<ERR> 21-Mar-2023::05:47:06.197 dms confd[<0.391.0>]: devel-c action action() error {application, "EMPTY"} for callpoint registration path 
<ERR> 21-Mar-2023::05:47:06.303 dms confd[<0.406.0>]: devel-c close_usess error {application, ""}
<INFO> 21-Mar-2023::05:48:38.300 dms confd[<0.69.0>]: confd Set running datastore status to valid
<ERR> 21-Mar-2023::05:48:38.308 dms confd[<0.419.0>]: devel-c action action() error {application, "EMPTY"} for callpoint registration path 
<ERR> 21-Mar-2023::05:48:38.413 dms confd[<0.434.0>]: devel-c close_usess error {application, ""}
<INFO> 21-Mar-2023::05:49:17.580 dms confd[<0.69.0>]: confd Set running datastore status to valid
<ERR> 21-Mar-2023::05:49:17.588 dms confd[<0.447.0>]: devel-c action action() error {application, "EMPTY"} for callpoint registration path 
<ERR> 21-Mar-2023::05:49:17.693 dms confd[<0.462.0>]: devel-c close_usess error {application, ""}
<INFO> 21-Mar-2023::05:49:34.660 dms confd[<0.69.0>]: confd Set running datastore status to valid
<ERR> 21-Mar-2023::05:49:34.668 dms confd[<0.475.0>]: devel-c action action() error {application, "EMPTY"} for callpoint registration path 
<ERR> 21-Mar-2023::05:49:34.774 dms confd[<0.490.0>]: devel-c close_usess error {application, ""}
<INFO> 21-Mar-2023::05:50:08.000 dms confd[<0.69.0>]: confd Set running datastore status to valid
<ERR> 21-Mar-2023::05:50:08.008 dms confd[<0.503.0>]: devel-c action action() error {application, "EMPTY"} for callpoint registration path 
<ERR> 21-Mar-2023::05:50:08.113 dms confd[<0.518.0>]: devel-c close_usess error {application, ""}
<INFO> 21-Mar-2023::05:50:20.776 dms confd[<0.69.0>]: confd Set running datastore status to valid
<ERR> 21-Mar-2023::05:50:20.785 dms confd[<0.531.0>]: devel-c action action() error {application, "EMPTY"} for callpoint registration path 
<ERR> 21-Mar-2023::05:50:20.890 dms confd[<0.546.0>]: devel-c close_usess error {application, ""}
<INFO> 21-Mar-2023::05:51:34.720 dms confd[<0.69.0>]: confd Set running datastore status to valid
<ERR> 21-Mar-2023::05:51:34.729 dms confd[<0.559.0>]: devel-c action action() error {application, "EMPTY"} for callpoint registration path 
<ERR> 21-Mar-2023::05:51:34.844 dms confd[<0.574.0>]: devel-c close_usess error {application, ""}
<INFO> 21-Mar-2023::05:51:56.505 dms confd[<0.69.0>]: confd Set running datastore status to valid
<ERR> 21-Mar-2023::05:51:56.512 dms confd[<0.587.0>]: devel-c action action() error {application, "EMPTY"} for callpoint registration path 
<ERR> 21-Mar-2023::05:51:56.629 dms confd[<0.602.0>]: devel-c close_usess error {application, ""}
<INFO> 21-Mar-2023::05:52:17.617 dms confd[<0.69.0>]: confd Set running datastore status to valid
<ERR> 21-Mar-2023::05:52:17.626 dms confd[<0.615.0>]: devel-c action action() error {application, "EMPTY"} for callpoint registration path 
<ERR> 21-Mar-2023::05:52:17.732 dms confd[<0.630.0>]: devel-c close_usess error {application, ""}
<INFO> 21-Mar-2023::05:52:26.625 dms confd[<0.69.0>]: confd Set running datastore status to valid
<ERR> 21-Mar-2023::05:52:26.634 dms confd[<0.643.0>]: devel-c action action() error {application, "EMPTY"} for callpoint registration path 
<ERR> 21-Mar-2023::05:52:26.739 dms confd[<0.658.0>]: devel-c close_usess error {application, ""}
<INFO> 21-Mar-2023::05:52:47.805 dms confd[<0.69.0>]: confd Set running datastore status to valid
<ERR> 21-Mar-2023::05:52:47.813 dms confd[<0.671.0>]: devel-c action action() error {application, "EMPTY"} for callpoint registration path 
<ERR> 21-Mar-2023::05:52:47.917 dms confd[<0.686.0>]: devel-c close_usess error {application, ""}
<INFO> 21-Mar-2023::05:52:54.744 dms confd[<0.69.0>]: confd Set running datastore status to valid
<ERR> 21-Mar-2023::05:52:54.752 dms confd[<0.699.0>]: devel-c action action() error {application, "EMPTY"} for callpoint registration path 
<ERR> 21-Mar-2023::05:52:54.858 dms confd[<0.714.0>]: devel-c close_usess error {application, ""}
<INFO> 21-Mar-2023::05:53:06.841 dms confd[<0.69.0>]: confd Set running datastore status to valid
<ERR> 21-Mar-2023::05:53:06.848 dms confd[<0.727.0>]: devel-c action action() error {application, "EMPTY"} for callpoint registration path 
<ERR> 21-Mar-2023::05:53:06.955 dms confd[<0.742.0>]: devel-c close_usess error {application, ""}
<INFO> 21-Mar-2023::05:53:39.663 dms confd[<0.69.0>]: confd Set running datastore status to valid
<ERR> 21-Mar-2023::05:53:39.670 dms confd[<0.755.0>]: devel-c action action() error {application, "EMPTY"} for callpoint registration path 
<ERR> 21-Mar-2023::05:53:39.775 dms confd[<0.770.0>]: devel-c close_usess error {application, ""}
<INFO> 21-Mar-2023::05:54:01.915 dms confd[<0.69.0>]: confd Set running datastore status to valid
<ERR> 21-Mar-2023::05:54:01.924 dms confd[<0.783.0>]: devel-c action action() error {application, "EMPTY"} for callpoint registration path 
<ERR> 21-Mar-2023::05:54:02.042 dms confd[<0.798.0>]: devel-c close_usess error {application, ""}
<INFO> 21-Mar-2023::05:54:52.700 dms confd[<0.69.0>]: confd Set running datastore status to valid
<ERR> 21-Mar-2023::05:54:52.709 dms confd[<0.811.0>]: devel-c action action() error {application, "EMPTY"} for callpoint registration path 
<ERR> 21-Mar-2023::05:54:52.814 dms confd[<0.826.0>]: devel-c close_usess error {application, ""}
<INFO> 21-Mar-2023::05:55:07.484 dms confd[<0.69.0>]: confd Set running datastore status to valid
<ERR> 21-Mar-2023::05:55:07.492 dms confd[<0.839.0>]: devel-c action action() error {application, "EMPTY"} for callpoint registration path 
<ERR> 21-Mar-2023::05:55:07.609 dms confd[<0.854.0>]: devel-c close_usess error {application, ""}
<INFO> 21-Mar-2023::05:55:27.459 dms confd[<0.69.0>]: confd Set running datastore status to valid
<ERR> 21-Mar-2023::05:55:27.467 dms confd[<0.867.0>]: devel-c action action() error {application, "EMPTY"} for callpoint registration path 
<ERR> 21-Mar-2023::05:55:27.573 dms confd[<0.882.0>]: devel-c close_usess error {application, ""}
<INFO> 21-Mar-2023::05:55:42.856 dms confd[<0.69.0>]: confd Set running datastore status to valid
<ERR> 21-Mar-2023::05:55:42.864 dms confd[<0.895.0>]: devel-c action action() error {application, "EMPTY"} for callpoint registration path 
<ERR> 21-Mar-2023::05:55:42.968 dms confd[<0.910.0>]: devel-c close_usess error {application, ""}
<INFO> 21-Mar-2023::05:56:00.681 dms confd[<0.69.0>]: confd Set running datastore status to valid
<ERR> 21-Mar-2023::05:56:00.688 dms confd[<0.923.0>]: devel-c action action() error {application, "EMPTY"} for callpoint registration path 
<ERR> 21-Mar-2023::05:56:00.793 dms confd[<0.938.0>]: devel-c close_usess error {application, ""}
<INFO> 21-Mar-2023::05:56:06.278 dms confd[<0.69.0>]: confd Set running datastore status to valid
<ERR> 21-Mar-2023::05:56:06.285 dms confd[<0.951.0>]: devel-c action action() error {application, "EMPTY"} for callpoint registration path 
<ERR> 21-Mar-2023::05:56:06.393 dms confd[<0.966.0>]: devel-c close_usess error {application, ""}
<INFO> 21-Mar-2023::05:56:27.506 dms confd[<0.69.0>]: confd Set running datastore status to valid
<INFO> 21-Mar-2023::05:56:48.498 dms confd[<0.69.0>]: confd Set running datastore status to valid
<INFO> 21-Mar-2023::05:57:03.089 dms confd[<0.69.0>]: confd Set running datastore status to valid
<INFO> 21-Mar-2023::05:57:36.740 dms confd[<0.69.0>]: confd Set running datastore status to valid
<INFO> 21-Mar-2023::05:57:46.152 dms confd[<0.69.0>]: confd Set running datastore status to valid
<INFO> 21-Mar-2023::05:57:50.406 dms confd[<0.69.0>]: confd Set running datastore status to valid
<ERR> 21-Mar-2023::05:57:50.414 dms confd[<0.1139.0>]: devel-c action action() error {application, "EMPTY"} for callpoint registration path 
<ERR> 21-Mar-2023::05:57:50.520 dms confd[<0.1154.0>]: devel-c close_usess error {application, ""}
<INFO> 21-Mar-2023::05:58:43.545 dms confd[<0.69.0>]: confd Set running datastore status to valid
<ERR> 21-Mar-2023::05:58:43.554 dms confd[<0.1167.0>]: devel-c action action() error {application, "EMPTY"} for callpoint registration path 
<ERR> 21-Mar-2023::05:58:43.659 dms confd[<0.1182.0>]: devel-c close_usess error {application, ""}
<INFO> 21-Mar-2023::05:58:56.330 dms confd[<0.69.0>]: confd Set running datastore status to valid
<ERR> 21-Mar-2023::05:58:56.338 dms confd[<0.1195.0>]: devel-c action action() error {application, "EMPTY"} for callpoint registration path 
<ERR> 21-Mar-2023::05:58:56.446 dms confd[<0.1210.0>]: devel-c close_usess error {application, ""}
<INFO> 21-Mar-2023::05:59:08.946 dms confd[<0.69.0>]: confd Set running datastore status to valid
<ERR> 21-Mar-2023::05:59:08.954 dms confd[<0.1223.0>]: devel-c action action() error {application, "EMPTY"} for callpoint registration path 
<ERR> 21-Mar-2023::05:59:09.059 dms confd[<0.1238.0>]: devel-c close_usess error {application, ""}
<INFO> 21-Mar-2023::05:59:32.147 dms confd[<0.69.0>]: confd Set running datastore status to valid
<ERR> 21-Mar-2023::05:59:32.156 dms confd[<0.1251.0>]: devel-c action action() error {application, "EMPTY"} for callpoint registration path 
<ERR> 21-Mar-2023::05:59:32.261 dms confd[<0.1266.0>]: devel-c close_usess error {application, ""}
<INFO> 21-Mar-2023::05:59:38.343 dms confd[<0.69.0>]: confd Set running datastore status to valid
<ERR> 21-Mar-2023::05:59:38.351 dms confd[<0.1279.0>]: devel-c action action() error {application, "EMPTY"} for callpoint registration path 
<ERR> 21-Mar-2023::05:59:38.468 dms confd[<0.1294.0>]: devel-c close_usess error {application, ""}
<INFO> 21-Mar-2023::05:59:43.480 dms confd[<0.69.0>]: confd Set running datastore status to valid
<ERR> 21-Mar-2023::05:59:43.488 dms confd[<0.1307.0>]: devel-c action action() error {application, "EMPTY"} for callpoint registration path 
<ERR> 21-Mar-2023::05:59:43.594 dms confd[<0.1322.0>]: devel-c close_usess error {application, ""}
<INFO> 21-Mar-2023::06:00:17.264 dms confd[<0.69.0>]: confd Set running datastore status to valid
<ERR> 21-Mar-2023::06:00:17.273 dms confd[<0.1335.0>]: devel-c action action() error {application, "EMPTY"} for callpoint registration path 
<ERR> 21-Mar-2023::06:00:17.378 dms confd[<0.1350.0>]: devel-c close_usess error {application, ""}
<INFO> 21-Mar-2023::06:01:40.324 dms confd[<0.69.0>]: confd Set running datastore status to valid
<ERR> 21-Mar-2023::06:01:40.332 dms confd[<0.1363.0>]: devel-c action action() error {application, "EMPTY"} for callpoint registration path 
<ERR> 21-Mar-2023::06:01:40.437 dms confd[<0.1378.0>]: devel-c close_usess error {application, ""}
<INFO> 21-Mar-2023::06:02:30.952 dms confd[<0.69.0>]: confd Set running datastore status to valid
<ERR> 21-Mar-2023::06:02:30.960 dms confd[<0.1391.0>]: devel-c action action() error {application, "EMPTY"} for callpoint registration path 
<ERR> 21-Mar-2023::06:02:31.065 dms confd[<0.1406.0>]: devel-c close_usess error {application, ""}
<INFO> 21-Mar-2023::06:05:15.501 dms confd[<0.69.0>]: confd Set running datastore status to valid
<ERR> 21-Mar-2023::06:05:15.510 dms confd[<0.1419.0>]: devel-c action action() error {application, "EMPTY"} for callpoint registration path 
<ERR> 21-Mar-2023::06:05:15.615 dms confd[<0.1434.0>]: devel-c close_usess error {application, ""}
<INFO> 21-Mar-2023::06:05:19.366 dms confd[<0.69.0>]: confd Set running datastore status to valid
<INFO> 21-Mar-2023::06:05:43.216 dms confd[<0.69.0>]: confd Set running datastore status to valid
<INFO> 21-Mar-2023::06:05:51.675 dms confd[<0.69.0>]: confd Set running datastore status to valid
<INFO> 21-Mar-2023::06:06:14.088 dms confd[<0.69.0>]: confd Set running datastore status to valid
<ERR> 21-Mar-2023::06:06:14.095 dms confd[<0.1551.0>]: devel-c action action() error {application, "EMPTY"} for callpoint registration path 
<ERR> 21-Mar-2023::06:06:14.201 dms confd[<0.1566.0>]: devel-c close_usess error {application, ""}
<INFO> 21-Mar-2023::06:08:18.356 dms confd[<0.69.0>]: confd Set running datastore status to valid
<ERR> 21-Mar-2023::06:08:18.364 dms confd[<0.1599.0>]: devel-c action action() error {application, "EMPTY"} for callpoint registration path 
<ERR> 21-Mar-2023::06:08:18.469 dms confd[<0.1614.0>]: devel-c close_usess error {application, ""}
<INFO> 21-Mar-2023::06:15:36.279 dms confd[<0.69.0>]: confd Set running datastore status to valid
<ERR> 21-Mar-2023::06:15:36.287 dms confd[<0.1627.0>]: devel-c action action() error {application, "EMPTY"} for callpoint registration path 
<ERR> 21-Mar-2023::06:15:36.391 dms confd[<0.1642.0>]: devel-c close_usess error {application, ""}
<INFO> 21-Mar-2023::06:23:32.327 dms confd[<0.69.0>]: confd Set running datastore status to valid
<ERR> 21-Mar-2023::06:23:32.335 dms confd[<0.1655.0>]: devel-c action action() error {application, "EMPTY"} for callpoint registration path 
<ERR> 21-Mar-2023::06:23:32.441 dms confd[<0.1670.0>]: devel-c close_usess error {application, ""}
<INFO> 21-Mar-2023::06:23:42.500 dms confd[<0.69.0>]: confd Set running datastore status to valid
<ERR> 21-Mar-2023::06:23:42.508 dms confd[<0.1683.0>]: devel-c action action() error {application, "EMPTY"} for callpoint registration path 
<ERR> 21-Mar-2023::06:23:42.613 dms confd[<0.1698.0>]: devel-c close_usess error {application, ""}
<INFO> 21-Mar-2023::06:25:00.574 dms confd[<0.69.0>]: confd Set running datastore status to valid
<ERR> 21-Mar-2023::06:25:00.582 dms confd[<0.1711.0>]: devel-c action action() error {application, "EMPTY"} for callpoint registration path 
<ERR> 21-Mar-2023::06:25:00.686 dms confd[<0.1726.0>]: devel-c close_usess error {application, ""}
<INFO> 21-Mar-2023::06:25:03.709 dms confd[<0.69.0>]: confd Set running datastore status to valid
<ERR> 21-Mar-2023::06:25:03.716 dms confd[<0.1739.0>]: devel-c action action() error {application, "EMPTY"} for callpoint registration path 
<ERR> 21-Mar-2023::06:25:03.820 dms confd[<0.1754.0>]: devel-c close_usess error {application, ""}
<INFO> 21-Mar-2023::06:25:13.019 dms confd[<0.69.0>]: confd Set running datastore status to valid
<ERR> 21-Mar-2023::06:25:13.027 dms confd[<0.1767.0>]: devel-c action action() error {application, "EMPTY"} for callpoint registration path 
<ERR> 21-Mar-2023::06:25:13.136 dms confd[<0.1782.0>]: devel-c close_usess error {application, ""}
<INFO> 21-Mar-2023::06:26:27.730 dms confd[<0.69.0>]: confd Set running datastore status to valid
<ERR> 21-Mar-2023::06:26:27.739 dms confd[<0.1795.0>]: devel-c action action() error {application, "EMPTY"} for callpoint registration path 
<ERR> 21-Mar-2023::06:26:27.845 dms confd[<0.1810.0>]: devel-c close_usess error {application, ""}
<INFO> 21-Mar-2023::06:26:35.396 dms confd[<0.69.0>]: confd Set running datastore status to valid
<ERR> 21-Mar-2023::06:26:35.406 dms confd[<0.1823.0>]: devel-c action action() error {application, "EMPTY"} for callpoint registration path 
<ERR> 21-Mar-2023::06:26:35.511 dms confd[<0.1838.0>]: devel-c close_usess error {application, ""}
<INFO> 21-Mar-2023::06:26:39.784 dms confd[<0.69.0>]: confd Set running datastore status to valid
<ERR> 21-Mar-2023::06:26:39.794 dms confd[<0.1851.0>]: devel-c action action() error {application, "EMPTY"} for callpoint registration path 
<ERR> 21-Mar-2023::06:26:39.897 dms confd[<0.1866.0>]: devel-c close_usess error {application, ""}
<INFO> 21-Mar-2023::06:32:29.704 dms confd[<0.69.0>]: confd Set running datastore status to valid
<ERR> 21-Mar-2023::06:32:29.714 dms confd[<0.1879.0>]: devel-c action action() error {application, "EMPTY"} for callpoint registration path 
<ERR> 21-Mar-2023::06:32:29.819 dms confd[<0.1894.0>]: devel-c close_usess error {application, ""}
<INFO> 21-Mar-2023::06:36:26.741 dms confd[<0.69.0>]: confd Set running datastore status to valid
<ERR> 21-Mar-2023::06:36:26.750 dms confd[<0.1907.0>]: devel-c action action() error {application, "EMPTY"} for callpoint registration path 
<ERR> 21-Mar-2023::06:36:26.856 dms confd[<0.1922.0>]: devel-c close_usess error {application, ""}
<INFO> 21-Mar-2023::07:10:37.428 dms confd[<0.69.0>]: confd Set running datastore status to valid
<ERR> 21-Mar-2023::07:10:37.437 dms confd[<0.1935.0>]: devel-c action action() error {application, "EMPTY"} for callpoint registration path 
<ERR> 21-Mar-2023::07:10:37.543 dms confd[<0.1950.0>]: devel-c close_usess error {application, ""}
<INFO> 21-Mar-2023::07:11:25.866 dms confd[<0.69.0>]: confd Set running datastore status to valid
<INFO> 21-Mar-2023::07:17:51.512 dms confd[<0.69.0>]: confd Set running datastore status to valid
<INFO> 21-Mar-2023::07:18:47.511 dms confd[<0.69.0>]: confd Set running datastore status to valid
<INFO> 21-Mar-2023::07:51:51.216 dms confd[<0.69.0>]: confd Set running datastore status to valid
<ERR> 21-Mar-2023::07:51:51.227 dms confd[<0.2107.0>]: devel-c action action() error {application, "EMPTY"} for callpoint registration path 
<ERR> 21-Mar-2023::07:51:51.332 dms confd[<0.2122.0>]: devel-c close_usess error {application, ""}
<INFO> 21-Mar-2023::07:53:27.002 dms confd[<0.69.0>]: confd Set running datastore status to valid
<ERR> 21-Mar-2023::07:53:27.011 dms confd[<0.2155.0>]: devel-c action action() error {application, "EMPTY"} for callpoint registration path 
<ERR> 21-Mar-2023::07:53:27.115 dms confd[<0.2170.0>]: devel-c close_usess error {application, ""}
<INFO> 21-Mar-2023::07:54:19.803 dms confd[<0.69.0>]: confd Set running datastore status to valid
<ERR> 21-Mar-2023::07:54:19.811 dms confd[<0.2203.0>]: devel-c action action() error {application, "EMPTY"} for callpoint registration path 
<ERR> 21-Mar-2023::07:54:19.916 dms confd[<0.2218.0>]: devel-c close_usess error {application, ""}
<INFO> 21-Mar-2023::07:54:56.813 dms confd[<0.69.0>]: confd Set running datastore status to valid
<ERR> 21-Mar-2023::07:54:56.822 dms confd[<0.2231.0>]: devel-c action action() error {application, "EMPTY"} for callpoint registration path 
<ERR> 21-Mar-2023::07:54:56.927 dms confd[<0.2246.0>]: devel-c close_usess error {application, ""}
<INFO> 21-Mar-2023::07:56:27.489 dms confd[<0.69.0>]: confd Set running datastore status to valid
<ERR> 21-Mar-2023::07:56:27.496 dms confd[<0.2279.0>]: devel-c action action() error {application, "EMPTY"} for callpoint registration path 
<ERR> 21-Mar-2023::07:56:27.601 dms confd[<0.2294.0>]: devel-c close_usess error {application, ""}
<INFO> 21-Mar-2023::07:57:50.879 dms confd[<0.69.0>]: confd Set running datastore status to valid
<ERR> 21-Mar-2023::07:57:50.888 dms confd[<0.2307.0>]: devel-c action action() error {application, "EMPTY"} for callpoint registration path 
<ERR> 21-Mar-2023::07:57:50.992 dms confd[<0.2322.0>]: devel-c close_usess error {application, ""}
<INFO> 21-Mar-2023::07:58:23.763 dms confd[<0.69.0>]: confd Set running datastore status to valid
<ERR> 21-Mar-2023::07:58:23.771 dms confd[<0.2335.0>]: devel-c action action() error {application, "EMPTY"} for callpoint registration path 
<ERR> 21-Mar-2023::07:58:23.876 dms confd[<0.2350.0>]: devel-c close_usess error {application, ""}
<INFO> 21-Mar-2023::07:59:47.887 dms confd[<0.69.0>]: confd Set running datastore status to valid
<ERR> 21-Mar-2023::07:59:47.896 dms confd[<0.2363.0>]: devel-c action action() error {application, "EMPTY"} for callpoint registration path 
<ERR> 21-Mar-2023::07:59:48.002 dms confd[<0.2378.0>]: devel-c close_usess error {application, ""}
<INFO> 21-Mar-2023::08:01:41.878 dms confd[<0.69.0>]: confd Set running datastore status to valid
<ERR> 21-Mar-2023::08:01:41.888 dms confd[<0.2391.0>]: devel-c action action() error {application, "EMPTY"} for callpoint registration path 
<ERR> 21-Mar-2023::08:01:41.993 dms confd[<0.2406.0>]: devel-c close_usess error {application, ""}
<INFO> 21-Mar-2023::08:02:31.107 dms confd[<0.69.0>]: confd Set running datastore status to valid
<ERR> 21-Mar-2023::08:02:31.115 dms confd[<0.2419.0>]: devel-c action action() error {application, "EMPTY"} for callpoint registration path 
<ERR> 21-Mar-2023::08:02:31.221 dms confd[<0.2434.0>]: devel-c close_usess error {application, ""}
<INFO> 21-Mar-2023::08:03:54.262 dms confd[<0.69.0>]: confd Set running datastore status to valid
<ERR> 21-Mar-2023::08:03:54.271 dms confd[<0.2447.0>]: devel-c action action() error {application, "EMPTY"} for callpoint registration path 
<ERR> 21-Mar-2023::08:03:54.375 dms confd[<0.2462.0>]: devel-c close_usess error {application, ""}
<INFO> 21-Mar-2023::08:09:05.880 dms confd[<0.69.0>]: confd Set running datastore status to valid
<ERR> 21-Mar-2023::08:09:05.889 dms confd[<0.2515.0>]: devel-c action action() error {application, "EMPTY"} for callpoint registration path 
<ERR> 21-Mar-2023::08:09:05.995 dms confd[<0.2530.0>]: devel-c close_usess error {application, ""}
<INFO> 21-Mar-2023::08:10:32.873 dms confd[<0.69.0>]: confd Set running datastore status to valid
<INFO> 21-Mar-2023::08:13:14.614 dms confd[<0.69.0>]: confd Set running datastore status to valid
<INFO> 21-Mar-2023::08:15:01.134 dms confd[<0.69.0>]: confd Set running datastore status to valid
<INFO> 21-Mar-2023::08:15:14.493 dms confd[<0.69.0>]: confd Set running datastore status to valid
<INFO> 21-Mar-2023::08:40:48.022 dms confd[<0.69.0>]: confd Set running datastore status to valid
<INFO> 22-Mar-2023::07:10:43.474 dms confd[<0.69.0>]: confd Set running datastore status to valid
<INFO> 22-Mar-2023::07:11:22.160 dms confd[<0.69.0>]: confd Set running datastore status to valid
<INFO> 23-Mar-2023::05:25:46.481 dms confd[<0.69.0>]: confd Set running datastore status to valid
<INFO> 23-Mar-2023::05:37:04.140 dms confd[<0.122.0>]: devel-c Worker closed daemon id: 0, worker id: 5, socket: {socket,<0.267.0>}
<INFO> 23-Mar-2023::05:38:00.175 dms confd[<0.69.0>]: confd embedded apps in early_phase0:
	[]
<INFO> 23-Mar-2023::05:38:00.423 dms confd[<0.97.0>]: confd mmap_schema handle_info got msg: timeout
<INFO> 23-Mar-2023::05:38:00.435 dms confd[<0.9.0>]: confd embedded apps in phase0:
	[]
<INFO> 23-Mar-2023::05:38:00.512 dms confd[<0.135.0>]: devel-cdb Loaded schema file: ./confd-cdb/C.cdb (v5 from ConfD version 8.0.2)
<INFO> 23-Mar-2023::05:38:00.548 dms confd[<0.134.0>]: devel-cdb Loaded oper data from ./confd-cdb/O.cdb (4 bytes data in 0.002s)
<INFO> 23-Mar-2023::05:38:00.549 dms confd[<0.135.0>]: devel-cdb Loaded configuration from ./confd-cdb/A.cdb (1.39 KiB data, 1 transaction in 0.001s)
<INFO> 23-Mar-2023::05:38:00.557 dms confd[<0.135.0>]: devel-cdb Compacted CDB journal file: 3 ms (93 nodes in memory, disk size 1.39 KiB -> 1.39 KiB)
<INFO> 23-Mar-2023::05:38:00.618 dms confd[<0.68.0>]: confd encryptedStrings keys provided from config
<INFO> 23-Mar-2023::05:38:00.619 dms confd[<0.9.0>]: confd embedded apps in phase1:
	[]
<INFO> 23-Mar-2023::05:38:00.635 dms confd[<0.167.0>]: confd initializing kickers
<INFO> 23-Mar-2023::05:38:00.650 dms confd[<0.167.0>]: confd initializing kickers: ok (0.014 s)
<ERR> 23-Mar-2023::05:38:00.683 dms confd[<0.193.0>]: devel-aaa Module "tailf-webui" in access rule "any-group/tailf-webui-user" does not exist - ignoring rule
<INFO> 23-Mar-2023::05:38:00.689 dms confd[<0.226.0>]: confd delete "./confd-cdb/rollback0.confirm" resulted in enoent

<INFO> 23-Mar-2023::05:38:00.689 dms confd[<0.226.0>]: confd delete "./confd-cdb/rollback0.confirm.bup" resulted in enoent

<INFO> 23-Mar-2023::05:38:00.707 dms confd[<0.9.0>]: confd embedded apps in phase1_delayed:
	[]
<INFO> 23-Mar-2023::05:38:00.716 dms confd[<0.9.0>]: confd embedded apps in phase2:
	[]
<INFO> 23-Mar-2023::05:38:00.806 dms confd[<0.9.0>]: confd Erlang emulator PID: 249207
<INFO> 23-Mar-2023::05:44:36.225 dms confd[<0.122.0>]: devel-c Worker closed daemon id: 0, worker id: 5, socket: {socket,<0.267.0>}
<INFO> 23-Mar-2023::05:44:38.480 dms confd[<0.69.0>]: confd embedded apps in early_phase0:
	[]
<INFO> 23-Mar-2023::05:44:38.687 dms confd[<0.97.0>]: confd mmap_schema handle_info got msg: timeout
<INFO> 23-Mar-2023::05:44:38.700 dms confd[<0.9.0>]: confd embedded apps in phase0:
	[]
<INFO> 23-Mar-2023::05:44:38.763 dms confd[<0.135.0>]: devel-cdb Loaded schema file: ./confd-cdb/C.cdb (v5 from ConfD version 8.0.2)
<INFO> 23-Mar-2023::05:44:38.807 dms confd[<0.134.0>]: devel-cdb Loaded oper data from ./confd-cdb/O.cdb (4 bytes data in 0.001s)
<INFO> 23-Mar-2023::05:44:38.808 dms confd[<0.135.0>]: devel-cdb Loaded configuration from ./confd-cdb/A.cdb (1.39 KiB data, 1 transaction in 0.000s)
<INFO> 23-Mar-2023::05:44:38.817 dms confd[<0.135.0>]: devel-cdb Compacted CDB journal file: 4 ms (93 nodes in memory, disk size 1.39 KiB -> 1.39 KiB)
<INFO> 23-Mar-2023::05:44:38.884 dms confd[<0.68.0>]: confd encryptedStrings keys provided from config
<INFO> 23-Mar-2023::05:44:38.886 dms confd[<0.9.0>]: confd embedded apps in phase1:
	[]
<INFO> 23-Mar-2023::05:44:38.901 dms confd[<0.167.0>]: confd initializing kickers
<INFO> 23-Mar-2023::05:44:38.912 dms confd[<0.167.0>]: confd initializing kickers: ok (0.010 s)
<ERR> 23-Mar-2023::05:44:38.940 dms confd[<0.193.0>]: devel-aaa Module "tailf-webui" in access rule "any-group/tailf-webui-user" does not exist - ignoring rule
<INFO> 23-Mar-2023::05:44:38.946 dms confd[<0.226.0>]: confd delete "./confd-cdb/rollback0.confirm" resulted in enoent

<INFO> 23-Mar-2023::05:44:38.946 dms confd[<0.226.0>]: confd delete "./confd-cdb/rollback0.confirm.bup" resulted in enoent

<INFO> 23-Mar-2023::05:44:38.959 dms confd[<0.9.0>]: confd embedded apps in phase1_delayed:
	[]
<INFO> 23-Mar-2023::05:44:38.969 dms confd[<0.9.0>]: confd embedded apps in phase2:
	[]
<INFO> 23-Mar-2023::05:44:39.050 dms confd[<0.9.0>]: confd Erlang emulator PID: 249307
<INFO> 23-Mar-2023::05:44:54.739 dms confd[<0.69.0>]: confd Set running datastore status to valid
<INFO> 23-Mar-2023::05:52:43.757 dms confd[<0.122.0>]: devel-c Worker closed daemon id: 0, worker id: 5, socket: {socket,<0.267.0>}
<INFO> 23-Mar-2023::05:54:27.023 dms confd[<0.69.0>]: confd embedded apps in early_phase0:
	[]
<INFO> 23-Mar-2023::05:54:27.232 dms confd[<0.97.0>]: confd mmap_schema handle_info got msg: timeout
<INFO> 23-Mar-2023::05:54:27.245 dms confd[<0.9.0>]: confd embedded apps in phase0:
	[]
<INFO> 23-Mar-2023::05:54:27.318 dms confd[<0.135.0>]: devel-cdb Loaded schema file: ./confd-cdb/C.cdb (v5 from ConfD version 8.0.2)
<INFO> 23-Mar-2023::05:54:27.351 dms confd[<0.134.0>]: devel-cdb Loaded oper data from ./confd-cdb/O.cdb (4 bytes data in 0.002s)
<INFO> 23-Mar-2023::05:54:27.352 dms confd[<0.135.0>]: devel-cdb Loaded configuration from ./confd-cdb/A.cdb (1.39 KiB data, 1 transaction in 0.000s)
<INFO> 23-Mar-2023::05:54:27.361 dms confd[<0.135.0>]: devel-cdb Compacted CDB journal file: 4 ms (93 nodes in memory, disk size 1.39 KiB -> 1.39 KiB)
<INFO> 23-Mar-2023::05:54:27.418 dms confd[<0.68.0>]: confd encryptedStrings keys provided from config
<INFO> 23-Mar-2023::05:54:27.418 dms confd[<0.9.0>]: confd embedded apps in phase1:
	[]
<INFO> 23-Mar-2023::05:54:27.434 dms confd[<0.167.0>]: confd initializing kickers
<INFO> 23-Mar-2023::05:54:27.444 dms confd[<0.167.0>]: confd initializing kickers: ok (0.009 s)
<ERR> 23-Mar-2023::05:54:27.480 dms confd[<0.193.0>]: devel-aaa Module "tailf-webui" in access rule "any-group/tailf-webui-user" does not exist - ignoring rule
<INFO> 23-Mar-2023::05:54:27.484 dms confd[<0.226.0>]: confd delete "./confd-cdb/rollback0.confirm" resulted in enoent

<INFO> 23-Mar-2023::05:54:27.485 dms confd[<0.226.0>]: confd delete "./confd-cdb/rollback0.confirm.bup" resulted in enoent

<INFO> 23-Mar-2023::05:54:27.498 dms confd[<0.9.0>]: confd embedded apps in phase1_delayed:
	[]
<INFO> 23-Mar-2023::05:54:27.504 dms confd[<0.9.0>]: confd embedded apps in phase2:
	[]
<INFO> 23-Mar-2023::05:54:27.581 dms confd[<0.9.0>]: confd Erlang emulator PID: 249410
<INFO> 23-Mar-2023::05:55:27.265 dms confd[<0.69.0>]: confd Set running datastore status to valid
<INFO> 23-Mar-2023::05:56:33.653 dms confd[<0.69.0>]: confd Set running datastore status to valid
<INFO> 23-Mar-2023::05:59:32.850 dms confd[<0.122.0>]: devel-c Worker closed daemon id: 0, worker id: 5, socket: {socket,<0.267.0>}
<INFO> 23-Mar-2023::06:01:32.345 dms confd[<0.69.0>]: confd embedded apps in early_phase0:
	[]
<INFO> 23-Mar-2023::06:01:32.553 dms confd[<0.97.0>]: confd mmap_schema handle_info got msg: timeout
<INFO> 23-Mar-2023::06:01:32.565 dms confd[<0.9.0>]: confd embedded apps in phase0:
	[]
<INFO> 23-Mar-2023::06:01:32.660 dms confd[<0.135.0>]: devel-cdb Loaded schema file: ./confd-cdb/C.cdb (v5 from ConfD version 8.0.2)
<INFO> 23-Mar-2023::06:01:32.697 dms confd[<0.134.0>]: devel-cdb Loaded oper data from ./confd-cdb/O.cdb (4 bytes data in 0.001s)
<INFO> 23-Mar-2023::06:01:32.698 dms confd[<0.135.0>]: devel-cdb Loaded configuration from ./confd-cdb/A.cdb (1.39 KiB data, 1 transaction in 0.001s)
<INFO> 23-Mar-2023::06:01:32.709 dms confd[<0.135.0>]: devel-cdb Compacted CDB journal file: 5 ms (93 nodes in memory, disk size 1.39 KiB -> 1.39 KiB)
<INFO> 23-Mar-2023::06:01:32.783 dms confd[<0.68.0>]: confd encryptedStrings keys provided from config
<INFO> 23-Mar-2023::06:01:32.784 dms confd[<0.9.0>]: confd embedded apps in phase1:
	[]
<INFO> 23-Mar-2023::06:01:32.802 dms confd[<0.167.0>]: confd initializing kickers
<INFO> 23-Mar-2023::06:01:32.809 dms confd[<0.167.0>]: confd initializing kickers: ok (0.007 s)
<ERR> 23-Mar-2023::06:01:32.839 dms confd[<0.193.0>]: devel-aaa Module "tailf-webui" in access rule "any-group/tailf-webui-user" does not exist - ignoring rule
<INFO> 23-Mar-2023::06:01:32.846 dms confd[<0.226.0>]: confd delete "./confd-cdb/rollback0.confirm" resulted in enoent

<INFO> 23-Mar-2023::06:01:32.846 dms confd[<0.226.0>]: confd delete "./confd-cdb/rollback0.confirm.bup" resulted in enoent

<INFO> 23-Mar-2023::06:01:32.860 dms confd[<0.9.0>]: confd embedded apps in phase1_delayed:
	[]
<INFO> 23-Mar-2023::06:01:32.870 dms confd[<0.9.0>]: confd embedded apps in phase2:
	[]
<INFO> 23-Mar-2023::06:01:32.965 dms confd[<0.9.0>]: confd Erlang emulator PID: 249513
<INFO> 23-Mar-2023::06:02:22.697 dms confd[<0.69.0>]: confd Set running datastore status to valid
<INFO> 23-Mar-2023::06:02:23.181 dms confd[<0.69.0>]: confd Set running datastore status to valid
