<INFO> 17-Jul-2020::07:42:43.734 security-controller confd[5463]: - Writing daemon log to /home/ubuntu/Registration/confd.log
<INFO> 17-Jul-2020::07:42:43.742 security-controller confd[5463]: - Writing NETCONF log to /home/ubuntu/Registration/netconf.log
<INFO> 17-Jul-2020::07:42:43.742 security-controller confd[5463]: - Writing audit log to /home/ubuntu/Registration/audit.log
<INFO> 17-Jul-2020::07:42:43.743 security-controller confd[5463]: - Writing developer log to /home/ubuntu/Registration/devel.log
<INFO> 17-Jul-2020::07:42:43.744 security-controller confd[5463]: - Daemon logging started
<DEBUG> 17-Jul-2020::07:42:43.777 security-controller confd[5463]: - Loading file ./ietf-i2nsf-capability.fxs
<DEBUG> 17-Jul-2020::07:42:43.781 security-controller confd[5463]: - Loading file ../confd-6.6/etc/confd/ietf-netconf-monitoring.fxs
<DEBUG> 17-Jul-2020::07:42:43.783 security-controller confd[5463]: - Loading file ../confd-6.6/etc/confd/tailf-common-monitoring.fxs
<DEBUG> 17-Jul-2020::07:42:43.785 security-controller confd[5463]: - Loading file ../confd-6.6/etc/confd/ietf-netconf-acm.fxs
<DEBUG> 17-Jul-2020::07:42:43.787 security-controller confd[5463]: - Loading file ../confd-6.6/etc/confd/iana-crypt-hash.fxs
<DEBUG> 17-Jul-2020::07:42:43.788 security-controller confd[5463]: - Loading file ../confd-6.6/etc/confd/ietf-yang-library.fxs
<DEBUG> 17-Jul-2020::07:42:43.794 security-controller confd[5463]: - Loading file ../confd-6.6/etc/confd/ietf-netconf-notifications.fxs
<DEBUG> 17-Jul-2020::07:42:43.796 security-controller confd[5463]: - Loading file ./ietf-i2nsf-reg-interface.fxs
<DEBUG> 17-Jul-2020::07:42:43.799 security-controller confd[5463]: - Loading file ../confd-6.6/etc/confd/tailf-xsd-types.fxs
<DEBUG> 17-Jul-2020::07:42:43.800 security-controller confd[5463]: - Loading file ../confd-6.6/etc/confd/tailf-netconf-monitoring.fxs
<DEBUG> 17-Jul-2020::07:42:43.803 security-controller confd[5463]: - Loading file ../confd-6.6/etc/confd/tailf-confd-monitoring.fxs
<DEBUG> 17-Jul-2020::07:42:43.809 security-controller confd[5463]: - Loading file ../confd-6.6/etc/confd/tailf-common.fxs
<DEBUG> 17-Jul-2020::07:42:43.811 security-controller confd[5463]: - Loading file ../confd-6.6/etc/confd/tailf-acm.fxs
<DEBUG> 17-Jul-2020::07:42:43.813 security-controller confd[5463]: - Loading file ../confd-6.6/etc/confd/tailf-rollback.fxs
<DEBUG> 17-Jul-2020::07:42:43.815 security-controller confd[5463]: - Loading file ../confd-6.6/etc/confd/tailf-kicker.fxs
<DEBUG> 17-Jul-2020::07:42:43.817 security-controller confd[5463]: - Loading file ../confd-6.6/etc/confd/tailf-common-query.fxs
<DEBUG> 17-Jul-2020::07:42:43.818 security-controller confd[5463]: - Loading file ../confd-6.6/etc/confd/tailf-aaa.fxs
<DEBUG> 17-Jul-2020::07:42:43.841 security-controller confd[5463]: - Loading file ./commands-c.ccl
<DEBUG> 17-Jul-2020::07:42:43.856 security-controller confd[5463]: - Loading file ./commands-j.ccl
<DEBUG> 17-Jul-2020::07:42:43.857 security-controller confd[5463]: - Loading file ../confd-6.6/etc/confd/confd.ccl
<INFO> 17-Jul-2020::07:42:44.043 security-controller confd[5463]: - Starting to listen for Internal IPC on 127.0.0.1:4565
<INFO> 17-Jul-2020::07:42:44.533 security-controller confd[5463]: - CDB load: processing file: ./confd-cdb/aaa_init.xml
<INFO> 17-Jul-2020::07:42:44.821 security-controller confd[5463]: - Starting to listen for NETCONF SSH on 0.0.0.0:2022
<INFO> 17-Jul-2020::07:42:44.866 security-controller confd[5463]: - Starting to listen for NETCONF TCP on 127.0.0.1:2023
<INFO> 17-Jul-2020::07:42:44.939 security-controller confd[5463]: - Starting to listen for CLI SSH on 0.0.0.0:2024
<INFO> 17-Jul-2020::07:42:45.045 security-controller confd[5463]: - ConfD started vsn: 6.6
