<INFO> 5-Jul-2019::15:18:09.010 skku-sc confd[52835]: - Writing daemon log to /home/deploy/Registration/confd.log
<INFO> 5-Jul-2019::15:18:09.020 skku-sc confd[52835]: - Writing NETCONF log to /home/deploy/Registration/netconf.log
<INFO> 5-Jul-2019::15:18:09.021 skku-sc confd[52835]: - Writing audit log to /home/deploy/Registration/audit.log
<INFO> 5-Jul-2019::15:18:09.021 skku-sc confd[52835]: - Daemon logging started
<INFO> 5-Jul-2019::15:18:09.022 skku-sc confd[52835]: - Writing developer log to /home/deploy/Registration/devel.log
<DEBUG> 5-Jul-2019::15:18:09.065 skku-sc confd[52835]: - Loading file ./ietf-i2nsf-capability.fxs
<DEBUG> 5-Jul-2019::15:18:09.070 skku-sc confd[52835]: - Loading file ../confd-6.6/etc/confd/ietf-netconf-monitoring.fxs
<DEBUG> 5-Jul-2019::15:18:09.074 skku-sc confd[52835]: - Loading file ../confd-6.6/etc/confd/tailf-common-monitoring.fxs
<DEBUG> 5-Jul-2019::15:18:09.076 skku-sc confd[52835]: - Loading file ../confd-6.6/etc/confd/ietf-netconf-acm.fxs
<DEBUG> 5-Jul-2019::15:18:09.079 skku-sc confd[52835]: - Loading file ../confd-6.6/etc/confd/iana-crypt-hash.fxs
<DEBUG> 5-Jul-2019::15:18:09.080 skku-sc confd[52835]: - Loading file ../confd-6.6/etc/confd/ietf-yang-library.fxs
<DEBUG> 5-Jul-2019::15:18:09.082 skku-sc confd[52835]: - Loading file ../confd-6.6/etc/confd/ietf-netconf-notifications.fxs
<DEBUG> 5-Jul-2019::15:18:09.085 skku-sc confd[52835]: - Loading file ./ietf-i2nsf-reg-interface.fxs
<DEBUG> 5-Jul-2019::15:18:09.088 skku-sc confd[52835]: - Loading file ../confd-6.6/etc/confd/tailf-xsd-types.fxs
<DEBUG> 5-Jul-2019::15:18:09.090 skku-sc confd[52835]: - Loading file ../confd-6.6/etc/confd/tailf-netconf-monitoring.fxs
<DEBUG> 5-Jul-2019::15:18:09.093 skku-sc confd[52835]: - Loading file ../confd-6.6/etc/confd/tailf-confd-monitoring.fxs
<DEBUG> 5-Jul-2019::15:18:09.100 skku-sc confd[52835]: - Loading file ../confd-6.6/etc/confd/tailf-common.fxs
<DEBUG> 5-Jul-2019::15:18:09.102 skku-sc confd[52835]: - Loading file ../confd-6.6/etc/confd/tailf-acm.fxs
<DEBUG> 5-Jul-2019::15:18:09.105 skku-sc confd[52835]: - Loading file ../confd-6.6/etc/confd/tailf-rollback.fxs
<DEBUG> 5-Jul-2019::15:18:09.107 skku-sc confd[52835]: - Loading file ../confd-6.6/etc/confd/tailf-kicker.fxs
<DEBUG> 5-Jul-2019::15:18:09.109 skku-sc confd[52835]: - Loading file ../confd-6.6/etc/confd/tailf-common-query.fxs
<DEBUG> 5-Jul-2019::15:18:09.110 skku-sc confd[52835]: - Loading file ../confd-6.6/etc/confd/tailf-aaa.fxs
<DEBUG> 5-Jul-2019::15:18:09.137 skku-sc confd[52835]: - Loading file ./commands-c.ccl
<DEBUG> 5-Jul-2019::15:18:09.153 skku-sc confd[52835]: - Loading file ./commands-j.ccl
<DEBUG> 5-Jul-2019::15:18:09.154 skku-sc confd[52835]: - Loading file ../confd-6.6/etc/confd/confd.ccl
<INFO> 5-Jul-2019::15:18:09.352 skku-sc confd[52835]: - Starting to listen for Internal IPC on 127.0.0.1:4565
<INFO> 5-Jul-2019::15:18:09.803 skku-sc confd[52835]: - CDB load: processing file: ./confd-cdb/aaa_init.xml
<INFO> 5-Jul-2019::15:18:10.047 skku-sc confd[52835]: - Starting to listen for NETCONF SSH on 0.0.0.0:2022
<INFO> 5-Jul-2019::15:18:10.087 skku-sc confd[52835]: - Starting to listen for NETCONF TCP on 127.0.0.1:2023
<INFO> 5-Jul-2019::15:18:10.157 skku-sc confd[52835]: - Starting to listen for CLI SSH on 0.0.0.0:2024
<INFO> 5-Jul-2019::15:18:10.262 skku-sc confd[52835]: - ConfD started vsn: 6.6
