<INFO> 5-Jul-2019::15:18:38.958 skku-sc confd[52835]: netconf id=28 new ssh session for user "admin" from 192.168.120.151
<INFO> 5-Jul-2019::15:18:38.997 skku-sc confd[52835]: netconf id=28 got rpc: {urn:ietf:params:xml:ns:netconf:base:1.0}edit-config attrs: message-id="1"
<INFO> 5-Jul-2019::15:18:39.013 skku-sc confd[52835]: netconf id=28 edit-config target=running attrs: message-id="1"
<INFO> 5-Jul-2019::15:18:39.040 skku-sc confd[52835]: netconf id=28 sending rpc-reply, attrs: message-id="1"
<INFO> 5-Jul-2019::15:18:39.043 skku-sc confd[52835]: netconf id=28 close-session attrs: message-id="2"
<INFO> 5-Jul-2019::15:18:39.043 skku-sc confd[52835]: netconf id=28 sending rpc-reply, attrs: message-id="2"
<INFO> 5-Jul-2019::15:19:21.139 skku-sc confd[52835]: netconf id=29 new ssh session for user "admin" from 192.168.120.151
<INFO> 5-Jul-2019::15:19:21.150 skku-sc confd[52835]: netconf id=29 got rpc: {urn:ietf:params:xml:ns:netconf:base:1.0}edit-config attrs: message-id="1"
<INFO> 5-Jul-2019::15:19:21.156 skku-sc confd[52835]: netconf id=29 edit-config target=running attrs: message-id="1"
<INFO> 5-Jul-2019::15:19:21.192 skku-sc confd[52835]: netconf id=29 sending rpc-reply, attrs: message-id="1"
<INFO> 5-Jul-2019::15:19:21.194 skku-sc confd[52835]: netconf id=29 close-session attrs: message-id="2"
<INFO> 5-Jul-2019::15:19:21.195 skku-sc confd[52835]: netconf id=29 sending rpc-reply, attrs: message-id="2"
<INFO> 5-Jul-2019::15:20:52.523 skku-sc confd[52835]: netconf id=30 new ssh session for user "admin" from 192.168.120.151
<INFO> 5-Jul-2019::15:20:52.534 skku-sc confd[52835]: netconf id=30 got rpc: {urn:ietf:params:xml:ns:netconf:base:1.0}edit-config attrs: message-id="1"
<INFO> 5-Jul-2019::15:20:52.540 skku-sc confd[52835]: netconf id=30 edit-config target=running attrs: message-id="1"
<INFO> 5-Jul-2019::15:20:52.568 skku-sc confd[52835]: netconf id=30 sending rpc-reply, attrs: message-id="1"
<INFO> 5-Jul-2019::15:20:52.572 skku-sc confd[52835]: netconf id=30 close-session attrs: message-id="2"
<INFO> 5-Jul-2019::15:20:52.574 skku-sc confd[52835]: netconf id=30 sending rpc-reply, attrs: message-id="2"
<INFO> 5-Jul-2019::15:20:57.451 skku-sc confd[52835]: netconf id=31 new ssh session for user "admin" from 192.168.120.151
<INFO> 5-Jul-2019::15:20:57.465 skku-sc confd[52835]: netconf id=31 got rpc: {urn:ietf:params:xml:ns:netconf:base:1.0}edit-config attrs: message-id="1"
<INFO> 5-Jul-2019::15:20:57.474 skku-sc confd[52835]: netconf id=31 edit-config target=running attrs: message-id="1"
<INFO> 5-Jul-2019::15:20:57.515 skku-sc confd[52835]: netconf id=31 sending rpc-reply, attrs: message-id="1"
<INFO> 5-Jul-2019::15:20:57.517 skku-sc confd[52835]: netconf id=31 close-session attrs: message-id="2"
<INFO> 5-Jul-2019::15:20:57.517 skku-sc confd[52835]: netconf id=31 sending rpc-reply, attrs: message-id="2"
<INFO> 5-Jul-2019::15:21:02.798 skku-sc confd[52835]: netconf id=32 new ssh session for user "admin" from 192.168.120.151
<INFO> 5-Jul-2019::15:21:02.808 skku-sc confd[52835]: netconf id=32 got rpc: {urn:ietf:params:xml:ns:netconf:base:1.0}edit-config attrs: message-id="1"
<INFO> 5-Jul-2019::15:21:02.812 skku-sc confd[52835]: netconf id=32 edit-config target=running attrs: message-id="1"
<INFO> 5-Jul-2019::15:21:02.842 skku-sc confd[52835]: netconf id=32 sending rpc-reply, attrs: message-id="1"
<INFO> 5-Jul-2019::15:21:02.844 skku-sc confd[52835]: netconf id=32 close-session attrs: message-id="2"
<INFO> 5-Jul-2019::15:21:02.845 skku-sc confd[52835]: netconf id=32 sending rpc-reply, attrs: message-id="2"
